<?xml version="1.0" encoding="UTF-8"?>
<!-- Generated by org.testng.reporters.JUnitReportReporter -->
<testsuite skipped="0" hostname="OPTVDA0047" name="memberActivity.ClaimCommunication" tests="1" failures="0" timestamp="04 Apr 2018 19:50:10 GMT" time="47.246" errors="0">
  <testcase name="main" time="47.246" classname="memberActivity.ClaimCommunication"/>
</testsuite> <!-- memberActivity.ClaimCommunication -->
