<?xml version="1.0" encoding="UTF-8"?>
<!-- Generated by org.testng.reporters.JUnitReportReporter -->
<testsuite skipped="0" hostname="MAC-DES-104" name="com.test.OccupationalClassesCopyTestScript" tests="1" failures="0" timestamp="01 Dec 2018 14:51:48 GMT" time="32.532" errors="0">
  <testcase name="OccupationalClassesCopyTestScript1" time="32.532" classname="com.test.OccupationalClassesCopyTestScript"/>
</testsuite> <!-- com.test.OccupationalClassesCopyTestScript -->
