<?xml version="1.0" encoding="UTF-8"?>
<!-- Generated by org.testng.reporters.JUnitReportReporter -->
<testsuite skipped="0" hostname="MAC-DES-104" name="com.test.MemberAuthAddCommunication" tests="1" failures="0" timestamp="01 Dec 2018 14:51:52 GMT" time="71.853" errors="0">
  <testcase name="memberAuthorizationAddCommunicationTestScript" time="71.853" classname="com.test.MemberAuthAddCommunication"/>
</testsuite> <!-- com.test.MemberAuthAddCommunication -->
