<?xml version="1.0" encoding="UTF-8"?>
<!-- Generated by org.testng.reporters.JUnitReportReporter -->
<testsuite skipped="0" hostname="MAC-DES-104" name="com.test.JournalContactMediasDeleteTestScript" tests="1" failures="0" timestamp="01 Dec 2018 14:51:51 GMT" time="64.923" errors="0">
  <testcase name="JournalContactMediasDeleteTestScript1" time="64.923" classname="com.test.JournalContactMediasDeleteTestScript"/>
</testsuite> <!-- com.test.JournalContactMediasDeleteTestScript -->
