<?xml version="1.0" encoding="UTF-8"?>
<!-- Generated by org.testng.reporters.JUnitReportReporter -->
<testsuite skipped="0" hostname="OPTVDA0047" name="memberActivity.CEVCopyClaim" tests="1" failures="0" timestamp="12 Apr 2018 18:33:51 GMT" time="160.894" errors="0">
  <testcase name="main" time="160.894" classname="memberActivity.CEVCopyClaim"/>
</testsuite> <!-- memberActivity.CEVCopyClaim -->
