<?xml version="1.0" encoding="UTF-8"?>
<!-- Generated by org.testng.reporters.JUnitReportReporter -->
<testsuite skipped="0" hostname="MAC-DES-104" name="com.test.Jira726ClaimTypeAdd" tests="1" failures="0" timestamp="01 Dec 2018 14:51:50 GMT" time="56.738" errors="0">
  <testcase name="FeeScheduleAddClaimQueryTestScript" time="56.738" classname="com.test.Jira726ClaimTypeAdd"/>
</testsuite> <!-- com.test.Jira726ClaimTypeAdd -->
