<?xml version="1.0" encoding="UTF-8"?>
<!-- Generated by org.testng.reporters.JUnitReportReporter -->
<testsuite skipped="0" hostname="MAC-DES-104" name="com.test.CarrierCoverageTypesAddComm" tests="1" failures="0" timestamp="01 Dec 2018 14:51:50 GMT" time="34.192" errors="0">
  <testcase name="CarrierCoverageTypesAddCommTestScript" time="34.192" classname="com.test.CarrierCoverageTypesAddComm"/>
</testsuite> <!-- com.test.CarrierCoverageTypesAddComm -->
