<?xml version="1.0" encoding="UTF-8"?>
<!-- Generated by org.testng.reporters.JUnitReportReporter -->
<testsuite skipped="0" hostname="MAC-DES-104" name="com.test.UMProviderRolesAddTestScript" tests="1" failures="0" timestamp="01 Dec 2018 14:51:48 GMT" time="33.674" errors="0">
  <testcase name="UMProviderRolesAddTestScriptTestScript" time="33.674" classname="com.test.UMProviderRolesAddTestScript"/>
</testsuite> <!-- com.test.UMProviderRolesAddTestScript -->
