<?xml version="1.0" encoding="UTF-8"?>
<!-- Generated by org.testng.reporters.JUnitReportReporter -->
<testsuite skipped="0" hostname="MAC-DES-104" name="com.test.EthnicCategoriesCopyTestScript" tests="1" failures="0" timestamp="01 Dec 2018 14:51:49 GMT" time="42.497" errors="0">
  <testcase name="EthnicCategoriesCopyTestScript1" time="42.497" classname="com.test.EthnicCategoriesCopyTestScript"/>
</testsuite> <!-- com.test.EthnicCategoriesCopyTestScript -->
