<?xml version="1.0" encoding="UTF-8"?>
<!-- Generated by org.testng.reporters.JUnitReportReporter -->
<testsuite skipped="0" hostname="OPTVDA0047" name="memberActivity.ExperimentTestDataRefresh" tests="1" failures="0" timestamp="04 May 2018 19:10:30 GMT" time="19.408" errors="0">
  <testcase name="addDataToExcelTestScript" time="19.408" classname="memberActivity.ExperimentTestDataRefresh"/>
</testsuite> <!-- memberActivity.ExperimentTestDataRefresh -->
