<?xml version="1.0" encoding="UTF-8"?>
<!-- Generated by org.testng.reporters.JUnitReportReporter -->
<testsuite skipped="0" hostname="OPTVDA0047" name="com.test.LegalRepresentivesCopyTestScript" tests="1" failures="0" timestamp="05 Nov 2018 12:36:28 GMT" time="37.528" errors="0">
  <testcase name="LegalRepresentivesCopyTestScript1" time="37.528" classname="com.test.LegalRepresentivesCopyTestScript"/>
</testsuite> <!-- com.test.LegalRepresentivesCopyTestScript -->
