<?xml version="1.0" encoding="UTF-8"?>
<!-- Generated by org.testng.reporters.JUnitReportReporter -->
<testsuite skipped="0" hostname="MAC-DES-104" name="com.test.MemberSubscriberRelationshipsEditTestScript" tests="1" failures="0" timestamp="01 Dec 2018 14:51:50 GMT" time="34.108" errors="0">
  <testcase name="MemberSubscriberRelationshipsEditTestScript1" time="34.108" classname="com.test.MemberSubscriberRelationshipsEditTestScript"/>
</testsuite> <!-- com.test.MemberSubscriberRelationshipsEditTestScript -->
