<?xml version="1.0" encoding="UTF-8"?>
<!-- Generated by org.testng.reporters.JUnitReportReporter -->
<testsuite skipped="0" hostname="MAC-DES-104" name="com.test.PayerListingAddComm" tests="1" failures="0" timestamp="01 Dec 2018 14:51:49 GMT" time="46.954" errors="0">
  <testcase name="PayerListingAddCommTestScript" time="46.954" classname="com.test.PayerListingAddComm"/>
</testsuite> <!-- com.test.PayerListingAddComm -->
