<?xml version="1.0" encoding="UTF-8"?>
<!-- Generated by org.testng.reporters.JUnitReportReporter -->
<testsuite skipped="0" hostname="MAC-DES-104" name="com.test.UMReasonsforReferralEditTestScript" tests="1" failures="0" timestamp="01 Dec 2018 14:51:47 GMT" time="32.017" errors="0">
  <testcase name="UMReasonsforReferralEditTestScript1" time="32.017" classname="com.test.UMReasonsforReferralEditTestScript"/>
</testsuite> <!-- com.test.UMReasonsforReferralEditTestScript -->
