<?xml version="1.0" encoding="UTF-8"?>
<!-- Generated by org.testng.reporters.JUnitReportReporter -->
<testsuite skipped="0" hostname="OPTVDA0047" name="memberActivity.CEVDeleteClaim" tests="1" failures="0" timestamp="12 Apr 2018 18:54:23 GMT" time="119.387" errors="0">
  <testcase name="main" time="119.387" classname="memberActivity.CEVDeleteClaim"/>
</testsuite> <!-- memberActivity.CEVDeleteClaim -->
