<?xml version="1.0" encoding="UTF-8"?>
<!-- Generated by org.testng.reporters.JUnitReportReporter -->
<testsuite skipped="0" hostname="MAC-DES-104" name="com.test.DiagnosisCodesEditTestScript" tests="1" failures="0" timestamp="01 Dec 2018 14:51:47 GMT" time="37.474" errors="0">
  <testcase name="DiagnosisCodesEditTestScript1" time="37.474" classname="com.test.DiagnosisCodesEditTestScript"/>
</testsuite> <!-- com.test.DiagnosisCodesEditTestScript -->
