<?xml version="1.0" encoding="UTF-8"?>
<!-- Generated by org.testng.reporters.JUnitReportReporter -->
<testsuite skipped="0" hostname="MAC-DES-104" name="com.test.UMDegreesofClinicalUrgencyAddTestScript" tests="1" failures="0" timestamp="01 Dec 2018 14:51:44 GMT" time="53.326" errors="0">
  <testcase name="UMDegreesofClinicalUrgencyAddTestScriptTestScript" time="53.326" classname="com.test.UMDegreesofClinicalUrgencyAddTestScript"/>
</testsuite> <!-- com.test.UMDegreesofClinicalUrgencyAddTestScript -->
