<?xml version="1.0" encoding="UTF-8"?>
<!-- Generated by org.testng.reporters.JUnitReportReporter -->
<testsuite skipped="0" hostname="OPTVDA0047" name="memberActivity.ProviderEdit" tests="1" failures="0" timestamp="01 May 2018 20:16:21 GMT" time="38.093" errors="0">
  <testcase name="main" time="38.093" classname="memberActivity.ProviderEdit"/>
</testsuite> <!-- memberActivity.ProviderEdit -->
