<?xml version="1.0" encoding="UTF-8"?>
<!-- Generated by org.testng.reporters.JUnitReportReporter -->
<testsuite skipped="0" hostname="MAC-DES-104" name="com.test.BenefitPremiumPaymentModesExitTestScript" tests="1" failures="0" timestamp="01 Dec 2018 14:51:50 GMT" time="33.577" errors="0">
  <testcase name="BenefitPremiumPaymentModesExitTestScript1" time="33.577" classname="com.test.BenefitPremiumPaymentModesExitTestScript"/>
</testsuite> <!-- com.test.BenefitPremiumPaymentModesExitTestScript -->
