<?xml version="1.0" encoding="UTF-8"?>
<!-- Generated by org.testng.reporters.JUnitReportReporter -->
<testsuite skipped="0" hostname="OPTVDA0047" name="memberActivity.MembersClaims" tests="1" failures="0" timestamp="03 Apr 2018 21:45:56 GMT" time="57.413" errors="0">
  <testcase name="main" time="57.413" classname="memberActivity.MembersClaims"/>
</testsuite> <!-- memberActivity.MembersClaims -->
