<?xml version="1.0" encoding="UTF-8"?>
<!-- Generated by org.testng.reporters.JUnitReportReporter -->
<testsuite skipped="0" hostname="OPTVDA0047" name="com.test.LegalRepresentivesEditTestScript" tests="1" failures="0" timestamp="05 Nov 2018 12:36:28 GMT" time="33.949" errors="0">
  <testcase name="LegalRepresentivesEditTestScript1" time="33.949" classname="com.test.LegalRepresentivesEditTestScript"/>
</testsuite> <!-- com.test.LegalRepresentivesEditTestScript -->
