<?xml version="1.0" encoding="UTF-8"?>
<!-- Generated by org.testng.reporters.JUnitReportReporter -->
<testsuite skipped="0" hostname="MAC-DES-104" name="com.test.JournalContactMediasExitTestScript" tests="1" failures="0" timestamp="01 Dec 2018 14:51:48 GMT" time="31.548" errors="0">
  <testcase name="journalcontactMediasExitTestScript" time="31.548" classname="com.test.JournalContactMediasExitTestScript"/>
</testsuite> <!-- com.test.JournalContactMediasExitTestScript -->
