<?xml version="1.0" encoding="UTF-8"?>
<!-- Generated by org.testng.reporters.JUnitReportReporter -->
<testsuite skipped="0" hostname="MAC-DES-104" name="com.test.LateClaimInterestRateAdd" tests="1" failures="0" timestamp="01 Dec 2018 14:51:48 GMT" time="96.224" errors="0">
  <testcase name="LateClaimsInterestRatesAddTestScript" time="96.224" classname="com.test.LateClaimInterestRateAdd"/>
</testsuite> <!-- com.test.LateClaimInterestRateAdd -->
