<?xml version="1.0" encoding="UTF-8"?>
<!-- Generated by org.testng.reporters.JUnitReportReporter -->
<testsuite skipped="0" hostname="MAC-DES-104" name="com.test.RVUGeographicMultipliersAddTestScript" tests="1" failures="0" timestamp="01 Dec 2018 14:51:53 GMT" time="71.660" errors="0">
  <testcase name="RVUGeographicMultipliersAddTestScript1" time="71.660" classname="com.test.RVUGeographicMultipliersAddTestScript"/>
</testsuite> <!-- com.test.RVUGeographicMultipliersAddTestScript -->
