<?xml version="1.0" encoding="UTF-8"?>
<!-- Generated by org.testng.reporters.JUnitReportReporter -->
<testsuite skipped="0" hostname="OPTVDA0047" name="memberActivity.ProviderCopy" tests="1" failures="0" timestamp="01 May 2018 20:58:26 GMT" time="45.925" errors="0">
  <testcase name="main" time="45.925" classname="memberActivity.ProviderCopy"/>
</testsuite> <!-- memberActivity.ProviderCopy -->
