<?xml version="1.0" encoding="UTF-8"?>
<!-- Generated by org.testng.reporters.JUnitReportReporter -->
<testsuite skipped="0" hostname="OPTVDA0047" name="memberActivity.CEVAdjudicateClaim" tests="1" failures="0" timestamp="18 Apr 2018 17:52:02 GMT" time="65.994" errors="0">
  <testcase name="main" time="65.994" classname="memberActivity.CEVAdjudicateClaim"/>
</testsuite> <!-- memberActivity.CEVAdjudicateClaim -->
