<?xml version="1.0" encoding="UTF-8"?>
<!-- Generated by org.testng.reporters.JUnitReportReporter -->
<testsuite skipped="0" hostname="MAC-DES-104" name="com.test.UMCaseStatusCodesDeleteTestScript" tests="1" failures="0" timestamp="01 Dec 2018 14:51:49 GMT" time="70.325" errors="0">
  <testcase name="UMCaseStatusCodesDeleteTestScript1" time="70.325" classname="com.test.UMCaseStatusCodesDeleteTestScript"/>
</testsuite> <!-- com.test.UMCaseStatusCodesDeleteTestScript -->
