<?xml version="1.0" encoding="UTF-8"?>
<!-- Generated by org.testng.reporters.JUnitReportReporter -->
<testsuite skipped="0" hostname="MAC-DES-104" name="com.test.EthnicCategoriesDeleteTestScript" tests="1" failures="0" timestamp="01 Dec 2018 14:51:52 GMT" time="77.330" errors="0">
  <testcase name="EthnicCategoriesDeleteTestScript1" time="77.330" classname="com.test.EthnicCategoriesDeleteTestScript"/>
</testsuite> <!-- com.test.EthnicCategoriesDeleteTestScript -->
