<?xml version="1.0" encoding="UTF-8"?>
<!-- Generated by org.testng.reporters.JUnitReportReporter -->
<testsuite skipped="0" hostname="MAC-DES-104" name="com.test.CaseManagerAddComm" tests="1" failures="0" timestamp="01 Dec 2018 14:51:52 GMT" time="78.100" errors="0">
  <testcase name="CaseManagerAddCommTestScript" time="78.100" classname="com.test.CaseManagerAddComm"/>
</testsuite> <!-- com.test.CaseManagerAddComm -->
