<?xml version="1.0" encoding="UTF-8"?>
<!-- Generated by org.testng.reporters.JUnitReportReporter -->
<testsuite skipped="0" hostname="OPTVDA0047" name="com.test.ReferenceScripts" tests="1" failures="0" timestamp="27 Apr 2018 20:05:00 GMT" time="16.642" errors="0">
  <testcase name="main" time="16.642" classname="com.test.ReferenceScripts"/>
</testsuite> <!-- com.test.ReferenceScripts -->
