<?xml version="1.0" encoding="UTF-8"?>
<!-- Generated by org.testng.reporters.JUnitReportReporter -->
<testsuite skipped="0" hostname="MAC-DES-104" name="com.test.CarriersEditTestScript" tests="1" failures="0" timestamp="01 Dec 2018 14:51:46 GMT" time="37.983" errors="0">
  <testcase name="CarriersEditTestScript1" time="37.983" classname="com.test.CarriersEditTestScript"/>
</testsuite> <!-- com.test.CarriersEditTestScript -->
