<?xml version="1.0" encoding="UTF-8"?>
<!-- Generated by org.testng.reporters.JUnitReportReporter -->
<testsuite skipped="0" hostname="MAC-DES-104" name="com.test.AuthorizationExaminerViewDelete" tests="1" failures="0" timestamp="01 Dec 2018 14:51:43 GMT" time="37.395" errors="0">
  <testcase name="AuthorizationsExaminerViewDeleteTestScript" time="37.395" classname="com.test.AuthorizationExaminerViewDelete"/>
</testsuite> <!-- com.test.AuthorizationExaminerViewDelete -->
