<?xml version="1.0" encoding="UTF-8"?>
<!-- Generated by org.testng.reporters.JUnitReportReporter -->
<testsuite skipped="0" hostname="MAC-DES-104" name="com.test.TreatmentFollowupActionsAddTestScript" tests="1" failures="0" timestamp="01 Dec 2018 14:51:52 GMT" time="71.462" errors="0">
  <testcase name="TreatmentFollowupActionsAddTestScript1" time="71.462" classname="com.test.TreatmentFollowupActionsAddTestScript"/>
</testsuite> <!-- com.test.TreatmentFollowupActionsAddTestScript -->
