<?xml version="1.0" encoding="UTF-8"?>
<!-- Generated by org.testng.reporters.JUnitReportReporter -->
<testsuite skipped="0" hostname="MAC-DES-104" name="com.test.FCMCEthnicGroupCodesDeleteTestScript" tests="1" failures="0" timestamp="01 Dec 2018 14:51:51 GMT" time="62.208" errors="0">
  <testcase name="FCMCEthnicGroupCodesDeleteTestScript1" time="62.208" classname="com.test.FCMCEthnicGroupCodesDeleteTestScript"/>
</testsuite> <!-- com.test.FCMCEthnicGroupCodesDeleteTestScript -->
