<?xml version="1.0" encoding="UTF-8"?>
<!-- Generated by org.testng.reporters.JUnitReportReporter -->
<testsuite skipped="0" hostname="OPTVDA0047" name="memberActivity.CopyMember$CEVAdjudicateClaim" tests="1" failures="0" timestamp="13 Apr 2018 18:09:16 GMT" time="60.734" errors="0">
  <testcase name="main" time="60.734" classname="memberActivity.CopyMember$CEVAdjudicateClaim"/>
</testsuite> <!-- memberActivity.CopyMember$CEVAdjudicateClaim -->
