<?xml version="1.0" encoding="UTF-8"?>
<!-- Generated by org.testng.reporters.JUnitReportReporter -->
<testsuite skipped="0" hostname="MAC-DES-104" name="com.test.DispositionCodesAddTestScript" tests="1" failures="0" timestamp="01 Dec 2018 14:51:47 GMT" time="56.144" errors="0">
  <testcase name="DispositionCodesAddTestScript1" time="56.144" classname="com.test.DispositionCodesAddTestScript"/>
</testsuite> <!-- com.test.DispositionCodesAddTestScript -->
