<?xml version="1.0" encoding="UTF-8"?>
<!-- Generated by org.testng.reporters.JUnitReportReporter -->
<testsuite skipped="0" hostname="OPTVDA0047" name="com.test.LegalRepresentivesExitTestScript" tests="1" failures="0" timestamp="05 Nov 2018 12:36:33 GMT" time="29.393" errors="0">
  <testcase name="LegalRepresentivesExitTestScript1" time="29.393" classname="com.test.LegalRepresentivesExitTestScript"/>
</testsuite> <!-- com.test.LegalRepresentivesExitTestScript -->
