<?xml version="1.0" encoding="UTF-8"?>
<!-- Generated by org.testng.reporters.JUnitReportReporter -->
<testsuite skipped="0" hostname="OPTVDA0047" name="memberActivity.MemberAuthCopy" tests="1" failures="0" timestamp="26 Apr 2018 21:42:33 GMT" time="35.204" errors="0">
  <testcase name="main" time="35.204" classname="memberActivity.MemberAuthCopy"/>
</testsuite> <!-- memberActivity.MemberAuthCopy -->
