<?xml version="1.0" encoding="UTF-8"?>
<!-- Generated by org.testng.reporters.JUnitReportReporter -->
<testsuite skipped="0" hostname="OPTVDA0047" name="memberActivity.exitClaim" tests="1" failures="0" timestamp="03 Apr 2018 17:57:11 GMT" time="49.076" errors="0">
  <testcase name="main" time="49.076" classname="memberActivity.exitClaim"/>
</testsuite> <!-- memberActivity.exitClaim -->
