<?xml version="1.0" encoding="UTF-8"?>
<!-- Generated by org.testng.reporters.JUnitReportReporter -->
<testsuite skipped="0" hostname="MAC-DES-104" name="com.test.MyOpenCasesListingCopy" tests="1" failures="0" timestamp="01 Dec 2018 14:51:49 GMT" time="34.600" errors="0">
  <testcase name="MyOpenCasesCopyTestScript" time="34.600" classname="com.test.MyOpenCasesListingCopy"/>
</testsuite> <!-- com.test.MyOpenCasesListingCopy -->
