<?xml version="1.0" encoding="UTF-8"?>
<!-- Generated by org.testng.reporters.JUnitReportReporter -->
<testsuite skipped="0" hostname="MAC-DES-104" name="com.test.LateClaimInterestRateDelete" tests="1" failures="0" timestamp="01 Dec 2018 14:51:47 GMT" time="93.819" errors="0">
  <testcase name="LateClaimsInterestRatesDeleteTestScript" time="93.819" classname="com.test.LateClaimInterestRateDelete"/>
</testsuite> <!-- com.test.LateClaimInterestRateDelete -->
