<?xml version="1.0" encoding="UTF-8"?>
<!-- Generated by org.testng.reporters.JUnitReportReporter -->
<testsuite skipped="0" hostname="MAC-DES-104" name="com.test.ProviderCopy" tests="1" failures="0" timestamp="01 Dec 2018 14:51:44 GMT" time="52.129" errors="0">
  <testcase name="providerCopyTestScript" time="52.129" classname="com.test.ProviderCopy"/>
</testsuite> <!-- com.test.ProviderCopy -->
