<?xml version="1.0" encoding="UTF-8"?>
<!-- Generated by org.testng.reporters.JUnitReportReporter -->
<testsuite skipped="0" hostname="MAC-DES-104" name="com.test.FCMCActionCodesCopyTestScript" tests="1" failures="0" timestamp="01 Dec 2018 14:51:45 GMT" time="37.333" errors="0">
  <testcase name="FCMCActionCodesCopyTestScript1" time="37.333" classname="com.test.FCMCActionCodesCopyTestScript"/>
</testsuite> <!-- com.test.FCMCActionCodesCopyTestScript -->
