<?xml version="1.0" encoding="UTF-8"?>
<!-- Generated by org.testng.reporters.JUnitReportReporter -->
<testsuite skipped="0" hostname="MAC-DES-104" name="com.test.TierCopayScheduleAddComm" tests="1" failures="0" timestamp="01 Dec 2018 14:51:45 GMT" time="78.113" errors="0">
  <testcase name="TierCopayScheduleAddCommTestScript" time="78.113" classname="com.test.TierCopayScheduleAddComm"/>
</testsuite> <!-- com.test.TierCopayScheduleAddComm -->
