<?xml version="1.0" encoding="UTF-8"?>
<!-- Generated by org.testng.reporters.JUnitReportReporter -->
<testsuite skipped="0" hostname="MAC-DES-104" name="com.test.MyOpenCasesForFollowUpEdit" tests="1" failures="0" timestamp="01 Dec 2018 14:51:48 GMT" time="62.809" errors="0">
  <testcase name="MyOpenCasesForFollowupEditTestScript" time="62.809" classname="com.test.MyOpenCasesForFollowUpEdit"/>
</testsuite> <!-- com.test.MyOpenCasesForFollowUpEdit -->
