<?xml version="1.0" encoding="UTF-8"?>
<!-- Generated by org.testng.reporters.JUnitReportReporter -->
<testsuite skipped="0" hostname="MAC-DES-104" name="com.test.UMReasonsforReferralExitTestScript" tests="1" failures="0" timestamp="01 Dec 2018 14:51:53 GMT" time="30.981" errors="0">
  <testcase name="UMReasonsforReferralExitTestScript1" time="30.981" classname="com.test.UMReasonsforReferralExitTestScript"/>
</testsuite> <!-- com.test.UMReasonsforReferralExitTestScript -->
