<?xml version="1.0" encoding="UTF-8"?>
<!-- Generated by org.testng.reporters.JUnitReportReporter -->
<testsuite skipped="0" hostname="OPTVDA0047" name="memberActivity.MCDeleteMultipleClaims" tests="1" failures="0" timestamp="10 Apr 2018 16:36:21 GMT" time="383.660" errors="0">
  <testcase name="main" time="383.660" classname="memberActivity.MCDeleteMultipleClaims"/>
</testsuite> <!-- memberActivity.MCDeleteMultipleClaims -->
