<?xml version="1.0" encoding="UTF-8"?>
<!-- Generated by org.testng.reporters.JUnitReportReporter -->
<testsuite skipped="0" hostname="MAC-DES-104" name="com.test.FCMCRaceCodesExitTestScript" tests="1" failures="0" timestamp="01 Dec 2018 14:51:51 GMT" time="33.643" errors="0">
  <testcase name="FCMCRaceCodesExitTestScript1" time="33.643" classname="com.test.FCMCRaceCodesExitTestScript"/>
</testsuite> <!-- com.test.FCMCRaceCodesExitTestScript -->
