<?xml version="1.0" encoding="UTF-8"?>
<!-- Generated by org.testng.reporters.JUnitReportReporter -->
<testsuite skipped="0" hostname="MAC-DES-104" name="com.test.RVUGeographicMultipliersEditTestScript" tests="1" failures="0" timestamp="01 Dec 2018 14:51:45 GMT" time="34.669" errors="0">
  <testcase name="RVUGeographicMultipliersEditTestScript1" time="34.669" classname="com.test.RVUGeographicMultipliersEditTestScript"/>
</testsuite> <!-- com.test.RVUGeographicMultipliersEditTestScript -->
