<?xml version="1.0" encoding="UTF-8"?>
<!-- Generated by org.testng.reporters.JUnitReportReporter -->
<testsuite skipped="0" hostname="OPTVDA0047" name="memberActivity.CEVExitClaim" tests="1" failures="0" timestamp="12 Apr 2018 19:11:51 GMT" time="63.696" errors="0">
  <testcase name="main" time="63.696" classname="memberActivity.CEVExitClaim"/>
</testsuite> <!-- memberActivity.CEVExitClaim -->
