<?xml version="1.0" encoding="UTF-8"?>
<!-- Generated by org.testng.reporters.JUnitReportReporter -->
<testsuite skipped="0" hostname="MAC-DES-104" name="com.test.DispositionCodesEditTestScript" tests="1" failures="0" timestamp="01 Dec 2018 14:51:52 GMT" time="53.490" errors="0">
  <testcase name="DispositionCodesEditTestScript1" time="53.490" classname="com.test.DispositionCodesEditTestScript"/>
</testsuite> <!-- com.test.DispositionCodesEditTestScript -->
