<?xml version="1.0" encoding="UTF-8"?>
<!-- Generated by org.testng.reporters.JUnitReportReporter -->
<testsuite skipped="0" hostname="MAC-DES-104" name="com.test.EmployerGroupsEditTestScript" tests="1" failures="0" timestamp="01 Dec 2018 14:51:50 GMT" time="36.941" errors="0">
  <testcase name="EmployerGroupsEditTestScript1" time="36.941" classname="com.test.EmployerGroupsEditTestScript"/>
</testsuite> <!-- com.test.EmployerGroupsEditTestScript -->
