<?xml version="1.0" encoding="UTF-8"?>
<!-- Generated by org.testng.reporters.JUnitReportReporter -->
<testsuite skipped="0" hostname="MAC-DES-104" name="com.test.DiagnosticCategoriesAddTestScript" tests="1" failures="0" timestamp="01 Dec 2018 14:51:52 GMT" time="66.375" errors="0">
  <testcase name="DiagnosticCategoriesAddTestScript1" time="66.375" classname="com.test.DiagnosticCategoriesAddTestScript"/>
</testsuite> <!-- com.test.DiagnosticCategoriesAddTestScript -->
