<?xml version="1.0" encoding="UTF-8"?>
<!-- Generated by org.testng.reporters.JUnitReportReporter -->
<testsuite skipped="0" hostname="MAC-DES-104" name="com.test.BenefitClassAddComm" tests="1" failures="0" timestamp="01 Dec 2018 14:51:49 GMT" time="45.465" errors="0">
  <testcase name="BenefitClassAddCommTestScript" time="45.465" classname="com.test.BenefitClassAddComm"/>
</testsuite> <!-- com.test.BenefitClassAddComm -->
