<?xml version="1.0" encoding="UTF-8"?>
<!-- Generated by org.testng.reporters.JUnitReportReporter -->
<testsuite skipped="0" hostname="OPTVDA0047" name="memberActivity.ProviderAdd" tests="1" failures="0" timestamp="01 May 2018 19:50:42 GMT" time="36.040" errors="0">
  <testcase name="main" time="36.040" classname="memberActivity.ProviderAdd"/>
</testsuite> <!-- memberActivity.ProviderAdd -->
