<?xml version="1.0" encoding="UTF-8"?>
<!-- Generated by org.testng.reporters.JUnitReportReporter -->
<testsuite skipped="0" hostname="MAC-DES-104" name="com.test.Jira726ServiceTypeCopy" tests="1" failures="0" timestamp="01 Dec 2018 14:51:49 GMT" time="70.813" errors="0">
  <testcase name="Jira726ClaimTypeCopyTestScript" time="70.813" classname="com.test.Jira726ServiceTypeCopy"/>
</testsuite> <!-- com.test.Jira726ServiceTypeCopy -->
