<?xml version="1.0" encoding="UTF-8"?>
<!-- Generated by org.testng.reporters.JUnitReportReporter -->
<testsuite skipped="0" hostname="MAC-DES-104" name="com.test.ContractTypesAddCommTestScript" tests="1" failures="0" timestamp="01 Dec 2018 14:51:49 GMT" time="37.808" errors="0">
  <testcase name="ContractTypesAddCommTestScriptTestScript" time="37.808" classname="com.test.ContractTypesAddCommTestScript"/>
</testsuite> <!-- com.test.ContractTypesAddCommTestScript -->
