<?xml version="1.0" encoding="UTF-8"?>
<!-- Generated by org.testng.reporters.JUnitReportReporter -->
<testsuite skipped="0" hostname="OPTVDA0047" name="memberActivity.CEVEditClaim" tests="1" failures="0" timestamp="12 Apr 2018 19:01:24 GMT" time="125.297" errors="0">
  <testcase name="main" time="125.297" classname="memberActivity.CEVEditClaim"/>
</testsuite> <!-- memberActivity.CEVEditClaim -->
