<?xml version="1.0" encoding="UTF-8"?>
<!-- Generated by org.testng.reporters.JUnitReportReporter -->
<testsuite skipped="0" hostname="MAC-DES-104" name="com.test.URCaseProblemTypesAddTestScript" tests="1" failures="0" timestamp="01 Dec 2018 14:51:53 GMT" time="71.617" errors="0">
  <testcase name="URCaseProblemTypesAddTestScript1" time="71.617" classname="com.test.URCaseProblemTypesAddTestScript"/>
</testsuite> <!-- com.test.URCaseProblemTypesAddTestScript -->
