<?xml version="1.0" encoding="UTF-8"?>
<!-- Generated by org.testng.reporters.JUnitReportReporter -->
<testsuite skipped="0" hostname="MAC-DES-104" name="com.test.TreatmentFollowupActionsExitTestScript" tests="1" failures="0" timestamp="01 Dec 2018 14:51:48 GMT" time="31.295" errors="0">
  <testcase name="TreatmentFollowupActionsExitTestScript1" time="31.295" classname="com.test.TreatmentFollowupActionsExitTestScript"/>
</testsuite> <!-- com.test.TreatmentFollowupActionsExitTestScript -->
