<?xml version="1.0" encoding="UTF-8"?>
<!-- Generated by org.testng.reporters.JUnitReportReporter -->
<testsuite skipped="0" hostname="MAC-DES-104" name="com.test.AcademicDegreesAddCommTestScript" tests="1" failures="0" timestamp="07 Dec 2018 10:59:10 GMT" time="74.348" errors="0">
  <testcase name="AcademicDegreesAddCommTestScript1" time="74.348" classname="com.test.AcademicDegreesAddCommTestScript"/>
</testsuite> <!-- com.test.AcademicDegreesAddCommTestScript -->
