<?xml version="1.0" encoding="UTF-8"?>
<!-- Generated by org.testng.reporters.JUnitReportReporter -->
<testsuite skipped="0" hostname="MAC-DES-104" name="com.test.ProviderTypesExitTestScript" tests="1" failures="0" timestamp="01 Dec 2018 14:51:46 GMT" time="30.503" errors="0">
  <testcase name="ProviderTypesExitTestScript1" time="30.503" classname="com.test.ProviderTypesExitTestScript"/>
</testsuite> <!-- com.test.ProviderTypesExitTestScript -->
