<?xml version="1.0" encoding="UTF-8"?>
<!-- Generated by org.testng.reporters.JUnitReportReporter -->
<testsuite skipped="0" hostname="MAC-DES-104" name="com.test.TreatmentFollowupActionsAddCommTestScript" tests="1" failures="0" timestamp="01 Dec 2018 14:51:50 GMT" time="48.478" errors="0">
  <testcase name="TreatmentFollowupActionsAddCommTestScript1" time="48.478" classname="com.test.TreatmentFollowupActionsAddCommTestScript"/>
</testsuite> <!-- com.test.TreatmentFollowupActionsAddCommTestScript -->
