<?xml version="1.0" encoding="UTF-8"?>
<!-- Generated by org.testng.reporters.JUnitReportReporter -->
<testsuite skipped="0" hostname="MAC-DES-104" name="com.test.MCSimpleReverseMultipleClaims" tests="1" failures="0" timestamp="01 Dec 2018 14:51:49 GMT" time="93.577" errors="0">
  <testcase name="MemberClaimsSimpleReverseTestScript" time="93.577" classname="com.test.MCSimpleReverseMultipleClaims"/>
</testsuite> <!-- com.test.MCSimpleReverseMultipleClaims -->
