<?xml version="1.0" encoding="UTF-8"?>
<!-- Generated by org.testng.reporters.JUnitReportReporter -->
<testsuite skipped="0" hostname="OPTVDA0047" name="memberActivity.MCCopyMultipleClaims" tests="1" failures="0" timestamp="10 Apr 2018 15:53:46 GMT" time="157.695" errors="0">
  <testcase name="main" time="157.695" classname="memberActivity.MCCopyMultipleClaims"/>
</testsuite> <!-- memberActivity.MCCopyMultipleClaims -->
