<?xml version="1.0" encoding="UTF-8"?>
<!-- Generated by org.testng.reporters.JUnitReportReporter -->
<testsuite skipped="0" hostname="MAC-DES-104" name="com.test.DiagnosisCodeSetsExitTestScript" tests="1" failures="0" timestamp="01 Dec 2018 14:51:49 GMT" time="33.681" errors="0">
  <testcase name="DiagnosisCodeSetsExitTestScript1" time="33.681" classname="com.test.DiagnosisCodeSetsExitTestScript"/>
</testsuite> <!-- com.test.DiagnosisCodeSetsExitTestScript -->
