<?xml version="1.0" encoding="UTF-8"?>
<!-- Generated by org.testng.reporters.JUnitReportReporter -->
<testsuite skipped="0" hostname="MAC-DES-104" name="com.test.ServiceSetsCopyTestScript" tests="1" failures="0" timestamp="01 Dec 2018 14:51:53 GMT" time="33.205" errors="0">
  <testcase name="ServiceSetsCopyTestScript1" time="33.205" classname="com.test.ServiceSetsCopyTestScript"/>
</testsuite> <!-- com.test.ServiceSetsCopyTestScript -->
