<?xml version="1.0" encoding="UTF-8"?>
<!-- Generated by org.testng.reporters.JUnitReportReporter -->
<testsuite skipped="0" hostname="MAC-DES-104" name="com.test.FindNumberOfErrors" tests="1" failures="0" timestamp="01 Dec 2018 14:51:47 GMT" time="1.089" errors="0">
  <testcase name="FindNumberOfErrorsTestScript" time="1.089" classname="com.test.FindNumberOfErrors"/>
</testsuite> <!-- com.test.FindNumberOfErrors -->
