<?xml version="1.0" encoding="UTF-8"?>
<!-- Generated by org.testng.reporters.JUnitReportReporter -->
<testsuite skipped="0" hostname="MAC-DES-104" name="com.test.PlaceofServiceTypesCopyTestScript" tests="1" failures="0" timestamp="01 Dec 2018 14:51:52 GMT" time="31.718" errors="0">
  <testcase name="PlaceofServiceTypesCopyTestScript1" time="31.718" classname="com.test.PlaceofServiceTypesCopyTestScript"/>
</testsuite> <!-- com.test.PlaceofServiceTypesCopyTestScript -->
