<?xml version="1.0" encoding="UTF-8"?>
<!-- Generated by org.testng.reporters.JUnitReportReporter -->
<testsuite skipped="0" hostname="OPTVDA0047" name="com.test.CopyMember$CEVAdjudicateClaim" tests="1" failures="0" timestamp="17 Apr 2018 15:34:03 GMT" time="45.878" errors="0">
  <testcase name="main" time="45.878" classname="com.test.CopyMember$CEVAdjudicateClaim"/>
</testsuite> <!-- com.test.CopyMember$CEVAdjudicateClaim -->
