<?xml version="1.0" encoding="UTF-8"?>
<!-- Generated by org.testng.reporters.JUnitReportReporter -->
<testsuite skipped="0" hostname="MAC-DES-104" name="com.test.FCMCConsenterTypesDeleteTestScript" tests="1" failures="0" timestamp="01 Dec 2018 14:51:50 GMT" time="63.849" errors="0">
  <testcase name="FCMCConsenterTypesDeleteTestScript1" time="63.849" classname="com.test.FCMCConsenterTypesDeleteTestScript"/>
</testsuite> <!-- com.test.FCMCConsenterTypesDeleteTestScript -->
