<?xml version="1.0" encoding="UTF-8"?>
<!-- Generated by org.testng.reporters.JUnitReportReporter -->
<testsuite skipped="0" hostname="MAC-DES-104" name="com.test.InitialResponseatIntakesAddTestScript" tests="1" failures="0" timestamp="01 Dec 2018 14:51:49 GMT" time="67.780" errors="0">
  <testcase name="InitialResponseatIntakesAddTestScript1" time="67.780" classname="com.test.InitialResponseatIntakesAddTestScript"/>
</testsuite> <!-- com.test.InitialResponseatIntakesAddTestScript -->
