<?xml version="1.0" encoding="UTF-8"?>
<!-- Generated by org.testng.reporters.JUnitReportReporter -->
<testsuite skipped="0" hostname="MAC-DES-104" name="com.test.ModifiersAddCommTestScript" tests="1" failures="0" timestamp="01 Dec 2018 14:51:51 GMT" time="50.194" errors="0">
  <testcase name="ModifiersAddCommTestScript1" time="50.194" classname="com.test.ModifiersAddCommTestScript"/>
</testsuite> <!-- com.test.ModifiersAddCommTestScript -->
