<?xml version="1.0" encoding="UTF-8"?>
<!-- Generated by org.testng.reporters.JUnitReportReporter -->
<testsuite skipped="0" hostname="MAC-DES-104" name="com.test.CoverageManualEntryReasonsExitTestScript" tests="1" failures="0" timestamp="01 Dec 2018 14:51:50 GMT" time="32.315" errors="0">
  <testcase name="CoverageManualEntryReasonsExitTestScript1" time="32.315" classname="com.test.CoverageManualEntryReasonsExitTestScript"/>
</testsuite> <!-- com.test.CoverageManualEntryReasonsExitTestScript -->
