<?xml version="1.0" encoding="UTF-8"?>
<!-- Generated by org.testng.reporters.JUnitReportReporter -->
<testsuite skipped="0" hostname="MAC-DES-104" name="com.test.CommunicationCaseStatusesEditTestScript" tests="1" failures="0" timestamp="01 Dec 2018 14:51:49 GMT" time="31.127" errors="0">
  <testcase name="CommunicationCaseStatusesEditTestScript1" time="31.127" classname="com.test.CommunicationCaseStatusesEditTestScript"/>
</testsuite> <!-- com.test.CommunicationCaseStatusesEditTestScript -->
