<?xml version="1.0" encoding="UTF-8"?>
<!-- Generated by org.testng.reporters.JUnitReportReporter -->
<testsuite skipped="0" hostname="MAC-DES-104" name="com.test.TreatmentFollowupActionsDeleteTestScript" tests="1" failures="0" timestamp="01 Dec 2018 14:51:48 GMT" time="67.112" errors="0">
  <testcase name="TreatmentFollowupActionsDeleteTestScript1" time="67.112" classname="com.test.TreatmentFollowupActionsDeleteTestScript"/>
</testsuite> <!-- com.test.TreatmentFollowupActionsDeleteTestScript -->
