<?xml version="1.0" encoding="UTF-8"?>
<!-- Generated by org.testng.reporters.JUnitReportReporter -->
<testsuite skipped="0" hostname="MAC-DES-104" name="com.test.NorthAmericanIndustrialClassificationsCopyTestScript" tests="1" failures="0" timestamp="01 Dec 2018 14:51:50 GMT" time="77.244" errors="0">
  <testcase name="NorthAmericanIndustrialClassificationsCopyTestScript1" time="77.244" classname="com.test.NorthAmericanIndustrialClassificationsCopyTestScript"/>
</testsuite> <!-- com.test.NorthAmericanIndustrialClassificationsCopyTestScript -->
