<?xml version="1.0" encoding="UTF-8"?>
<!-- Generated by org.testng.reporters.JUnitReportReporter -->
<testsuite skipped="0" hostname="MAC-DES-104" name="com.test.FCMCRelationCodesDeleteTestScript" tests="1" failures="0" timestamp="01 Dec 2018 14:51:52 GMT" time="64.490" errors="0">
  <testcase name="FCMCRelationCodesDeleteTestScript1" time="64.490" classname="com.test.FCMCRelationCodesDeleteTestScript"/>
</testsuite> <!-- com.test.FCMCRelationCodesDeleteTestScript -->
