<?xml version="1.0" encoding="UTF-8"?>
<!-- Generated by org.testng.reporters.JUnitReportReporter -->
<testsuite skipped="0" hostname="MAC-DES-104" name="com.test.CredentiallingStatusesAddCommTestScript" tests="1" failures="0" timestamp="01 Dec 2018 14:51:44 GMT" time="39.624" errors="0">
  <testcase name="CredentiallingStatusesAddCommTestScript1" time="39.624" classname="com.test.CredentiallingStatusesAddCommTestScript"/>
</testsuite> <!-- com.test.CredentiallingStatusesAddCommTestScript -->
