<?xml version="1.0" encoding="UTF-8"?>
<!-- Generated by org.testng.reporters.JUnitReportReporter -->
<testsuite skipped="0" hostname="MAC-DES-104" name="com.test.FCMCEthnicGroupCodesCopyTestScript" tests="1" failures="0" timestamp="01 Dec 2018 14:51:44 GMT" time="34.100" errors="0">
  <testcase name="FCMCEthnicGroupCodesCopyTestScript1" time="34.100" classname="com.test.FCMCEthnicGroupCodesCopyTestScript"/>
</testsuite> <!-- com.test.FCMCEthnicGroupCodesCopyTestScript -->
