<?xml version="1.0" encoding="UTF-8"?>
<!-- Generated by org.testng.reporters.JUnitReportReporter -->
<testsuite skipped="0" hostname="MAC-DES-104" name="com.test.MemberAuthValidate" tests="1" failures="0" timestamp="01 Dec 2018 14:51:46 GMT" time="67.162" errors="0">
  <testcase name="memberAuthorizationValidateTestScript" time="67.162" classname="com.test.MemberAuthValidate"/>
</testsuite> <!-- com.test.MemberAuthValidate -->
