<?xml version="1.0" encoding="UTF-8"?>
<!-- Generated by org.testng.reporters.JUnitReportReporter -->
<testsuite skipped="0" hostname="OPTVDA0047" name="com.test.LegalRepresentivesAddCommTestScript" tests="1" failures="0" timestamp="05 Nov 2018 12:36:29 GMT" time="41.031" errors="0">
  <testcase name="LegalRepresentivesAddCommTestScript1" time="41.031" classname="com.test.LegalRepresentivesAddCommTestScript"/>
</testsuite> <!-- com.test.LegalRepresentivesAddCommTestScript -->
