<?xml version="1.0" encoding="UTF-8"?>
<!-- Generated by org.testng.reporters.JUnitReportReporter -->
<testsuite skipped="0" hostname="OPTVDA0047" name="memberActivity.MCReverseMultipleClaims" tests="1" failures="0" timestamp="11 Apr 2018 20:13:47 GMT" time="30.371" errors="0">
  <testcase name="main" time="30.371" classname="memberActivity.MCReverseMultipleClaims"/>
</testsuite> <!-- memberActivity.MCReverseMultipleClaims -->
