<?xml version="1.0" encoding="UTF-8"?>
<!-- Generated by org.testng.reporters.JUnitReportReporter -->
<testsuite skipped="0" hostname="MAC-DES-104" name="com.test.DispositionCodesAddCommTestScript" tests="1" failures="0" timestamp="01 Dec 2018 14:51:46 GMT" time="48.760" errors="0">
  <testcase name="DispositionCodesAddCommTestScript1" time="48.760" classname="com.test.DispositionCodesAddCommTestScript"/>
</testsuite> <!-- com.test.DispositionCodesAddCommTestScript -->
