<?xml version="1.0" encoding="UTF-8"?>
<!-- Generated by org.testng.reporters.JUnitReportReporter -->
<testsuite skipped="0" hostname="MAC-DES-104" name="com.test.AdjustmentTypesEditTestScript" tests="1" failures="0" timestamp="01 Dec 2018 14:51:47 GMT" time="31.310" errors="0">
  <testcase name="AdjustmentTypesEditTestScript1" time="31.310" classname="com.test.AdjustmentTypesEditTestScript"/>
</testsuite> <!-- com.test.AdjustmentTypesEditTestScript -->
