<?xml version="1.0" encoding="UTF-8"?>
<!-- Generated by org.testng.reporters.JUnitReportReporter -->
<testsuite skipped="0" hostname="MAC-DES-104" name="com.test.AuthorizationExaminerViewValidate" tests="1" failures="0" timestamp="01 Dec 2018 14:51:50 GMT" time="39.125" errors="0">
  <testcase name="AuthorizationsExaminerViewValidateTestScript" time="39.125" classname="com.test.AuthorizationExaminerViewValidate"/>
</testsuite> <!-- com.test.AuthorizationExaminerViewValidate -->
