<?xml version="1.0" encoding="UTF-8"?>
<!-- Generated by org.testng.reporters.JUnitReportReporter -->
<testsuite skipped="0" hostname="OPTVDA0047" name="memberActivity.EditClaim" tests="1" failures="0" timestamp="03 Apr 2018 17:53:47 GMT" time="34.007" errors="0">
  <testcase name="main" time="34.007" classname="memberActivity.EditClaim"/>
</testsuite> <!-- memberActivity.EditClaim -->
