<?xml version="1.0" encoding="UTF-8"?>
<!-- Generated by org.testng.reporters.JUnitReportReporter -->
<testsuite skipped="0" hostname="MAC-DES-104" name="com.test.ProviderOrganizationAffiliationTypesEditTestScript" tests="1" failures="0" timestamp="01 Dec 2018 14:51:50 GMT" time="31.982" errors="0">
  <testcase name="ProviderOrganizationAffiliationTypesEditTestScript1" time="31.982" classname="com.test.ProviderOrganizationAffiliationTypesEditTestScript"/>
</testsuite> <!-- com.test.ProviderOrganizationAffiliationTypesEditTestScript -->
