<?xml version="1.0" encoding="UTF-8"?>
<!-- Generated by org.testng.reporters.JUnitReportReporter -->
<testsuite skipped="0" hostname="MAC-DES-104" name="com.test.JournalContactMediasAddTestScript" tests="1" failures="0" timestamp="01 Dec 2018 14:51:45 GMT" time="36.504" errors="0">
  <testcase name="JournalContactMediasAddTestScriptTestScript" time="36.504" classname="com.test.JournalContactMediasAddTestScript"/>
</testsuite> <!-- com.test.JournalContactMediasAddTestScript -->
