<?xml version="1.0" encoding="UTF-8"?>
<!-- Generated by org.testng.reporters.JUnitReportReporter -->
<testsuite skipped="0" hostname="MAC-DES-104" name="com.test.CarriersCopyTestScript" tests="1" failures="0" timestamp="01 Dec 2018 14:51:52 GMT" time="36.984" errors="0">
  <testcase name="CarriersCopyTestScript1" time="36.984" classname="com.test.CarriersCopyTestScript"/>
</testsuite> <!-- com.test.CarriersCopyTestScript -->
