<?xml version="1.0" encoding="UTF-8"?>
<!-- Generated by org.testng.reporters.JUnitReportReporter -->
<testsuite skipped="0" hostname="OPTVDA0047" name="memberActivity.NewTestNG_FrameworkTester" tests="1" failures="0" timestamp="21 Mar 2018 23:56:41 GMT" time="34.399" errors="0">
  <testcase name="main" time="34.399" classname="memberActivity.NewTestNG_FrameworkTester"/>
</testsuite> <!-- memberActivity.NewTestNG_FrameworkTester -->
