<?xml version="1.0" encoding="UTF-8"?>
<!-- Generated by org.testng.reporters.JUnitReportReporter -->
<testsuite skipped="0" hostname="MAC-DES-104" name="com.test.CommunicationCaseTypesDeleteTestScript" tests="1" failures="0" timestamp="01 Dec 2018 14:51:46 GMT" time="63.594" errors="0">
  <testcase name="CommunicationCaseTypesDeleteTestScript1" time="63.594" classname="com.test.CommunicationCaseTypesDeleteTestScript"/>
</testsuite> <!-- com.test.CommunicationCaseTypesDeleteTestScript -->
