<?xml version="1.0" encoding="UTF-8"?>
<!-- Generated by org.testng.reporters.JUnitReportReporter -->
<testsuite skipped="0" hostname="MAC-DES-104" name="com.test.EOBLogClaimsAsPaidReport" tests="1" failures="0" timestamp="01 Dec 2018 14:51:50 GMT" time="74.387" errors="0">
  <testcase name="EOBLogClaimsAsPaidTestScript" time="74.387" classname="com.test.EOBLogClaimsAsPaidReport"/>
</testsuite> <!-- com.test.EOBLogClaimsAsPaidReport -->
