<?xml version="1.0" encoding="UTF-8"?>
<!-- Generated by org.testng.reporters.JUnitReportReporter -->
<testsuite skipped="0" hostname="MAC-DES-104" name="com.test.NorthAmericanIndustrialClassificationsExitTestScript" tests="1" failures="0" timestamp="01 Dec 2018 14:51:52 GMT" time="41.480" errors="0">
  <testcase name="NorthAmericanIndustrialClassificationsExitTestScript1" time="41.480" classname="com.test.NorthAmericanIndustrialClassificationsExitTestScript"/>
</testsuite> <!-- com.test.NorthAmericanIndustrialClassificationsExitTestScript -->
