<?xml version="1.0" encoding="UTF-8"?>
<!-- Generated by org.testng.reporters.JUnitReportReporter -->
<testsuite skipped="0" hostname="MAC-DES-104" name="com.test.MyCaseHistoryCopy" tests="1" failures="0" timestamp="01 Dec 2018 14:51:48 GMT" time="33.619" errors="0">
  <testcase name="MyCaseHistoryCopyTestScript" time="33.619" classname="com.test.MyCaseHistoryCopy"/>
</testsuite> <!-- com.test.MyCaseHistoryCopy -->
