<?xml version="1.0" encoding="UTF-8"?>
<!-- Generated by org.testng.reporters.JUnitReportReporter -->
<testsuite skipped="0" hostname="OPTVDA0047" name="memberActivity.EditMember" tests="1" failures="0" timestamp="13 Apr 2018 18:10:19 GMT" time="49.020" errors="0">
  <testcase name="main" time="49.020" classname="memberActivity.EditMember"/>
</testsuite> <!-- memberActivity.EditMember -->
