<?xml version="1.0" encoding="UTF-8"?>
<!-- Generated by org.testng.reporters.JUnitReportReporter -->
<testsuite skipped="0" hostname="MAC-DES-104" name="com.test.UMCaseReferralSourcesEditTestScript" tests="1" failures="0" timestamp="01 Dec 2018 14:51:48 GMT" time="33.089" errors="0">
  <testcase name="UMCaseReferralSourcesEditTestScript1" time="33.089" classname="com.test.UMCaseReferralSourcesEditTestScript"/>
</testsuite> <!-- com.test.UMCaseReferralSourcesEditTestScript -->
