<?xml version="1.0" encoding="UTF-8"?>
<!-- Generated by org.testng.reporters.JUnitReportReporter -->
<testsuite skipped="0" hostname="MAC-DES-104" name="com.test.RVUGeographicMultipliersDeleteTestScript" tests="1" failures="0" timestamp="01 Dec 2018 14:51:48 GMT" time="64.296" errors="0">
  <testcase name="RVUGeographicMultipliersDeleteTestScript1" time="64.296" classname="com.test.RVUGeographicMultipliersDeleteTestScript"/>
</testsuite> <!-- com.test.RVUGeographicMultipliersDeleteTestScript -->
