<?xml version="1.0" encoding="UTF-8"?>
<!-- Generated by org.testng.reporters.JUnitReportReporter -->
<testsuite skipped="0" hostname="MAC-DES-104" name="com.test.FCMCRaceCodesAddCommTestScript" tests="1" failures="0" timestamp="01 Dec 2018 14:51:50 GMT" time="43.080" errors="0">
  <testcase name="FCMCRaceCodesAddCommTestScriptTestScript" time="43.080" classname="com.test.FCMCRaceCodesAddCommTestScript"/>
</testsuite> <!-- com.test.FCMCRaceCodesAddCommTestScript -->
