<?xml version="1.0" encoding="UTF-8"?>
<!-- Generated by org.testng.reporters.JUnitReportReporter -->
<testsuite skipped="0" hostname="MAC-DES-104" name="com.test.EmployerGroupsExitTestScript" tests="1" failures="0" timestamp="01 Dec 2018 14:51:50 GMT" time="36.296" errors="0">
  <testcase name="EmployerGroupsExitTestScript1" time="36.296" classname="com.test.EmployerGroupsExitTestScript"/>
</testsuite> <!-- com.test.EmployerGroupsExitTestScript -->
