<?xml version="1.0" encoding="UTF-8"?>
<!-- Generated by org.testng.reporters.JUnitReportReporter -->
<testsuite skipped="0" hostname="MAC-DES-104" name="com.test.DispositionCodesDeleteTestScript" tests="1" failures="0" timestamp="01 Dec 2018 14:51:49 GMT" time="107.691" errors="0">
  <testcase name="DispositionCodesDeleteTestScript1" time="107.691" classname="com.test.DispositionCodesDeleteTestScript"/>
</testsuite> <!-- com.test.DispositionCodesDeleteTestScript -->
