<?xml version="1.0" encoding="UTF-8"?>
<!-- Generated by org.testng.reporters.JUnitReportReporter -->
<testsuite skipped="0" hostname="MAC-DES-104" name="com.test.ProviderTypesAddTestScript" tests="1" failures="0" timestamp="01 Dec 2018 14:51:52 GMT" time="69.295" errors="0">
  <testcase name="ProviderTypesAddTestScript1" time="69.295" classname="com.test.ProviderTypesAddTestScript"/>
</testsuite> <!-- com.test.ProviderTypesAddTestScript -->
