<?xml version="1.0" encoding="UTF-8"?>
<!-- Generated by org.testng.reporters.JUnitReportReporter -->
<testsuite skipped="0" hostname="OPTVDA0047" name="memberActivity.AdjudicateMultipleClaims" tests="1" failures="0" timestamp="10 Apr 2018 15:12:08 GMT" time="126.423" errors="0">
  <testcase name="main" time="126.423" classname="memberActivity.AdjudicateMultipleClaims"/>
</testsuite> <!-- memberActivity.AdjudicateMultipleClaims -->
