<?xml version="1.0" encoding="UTF-8"?>
<!-- Generated by org.testng.reporters.JUnitReportReporter -->
<testsuite skipped="0" hostname="MAC-DES-104" name="com.test.ProviderOrganizationAffiliationTypesExitTestScript" tests="1" failures="0" timestamp="01 Dec 2018 14:51:52 GMT" time="36.470" errors="0">
  <testcase name="ProviderOrganizationAffiliationTypesExitTestScript1" time="36.470" classname="com.test.ProviderOrganizationAffiliationTypesExitTestScript"/>
</testsuite> <!-- com.test.ProviderOrganizationAffiliationTypesExitTestScript -->
