<?xml version="1.0" encoding="UTF-8"?>
<!-- Generated by org.testng.reporters.JUnitReportReporter -->
<testsuite skipped="0" hostname="MAC-DES-104" name="com.test.URCaseProblemTypesEditTestScript" tests="1" failures="0" timestamp="01 Dec 2018 14:51:53 GMT" time="31.101" errors="0">
  <testcase name="URCaseProblemTypesEditTestScript1" time="31.101" classname="com.test.URCaseProblemTypesEditTestScript"/>
</testsuite> <!-- com.test.URCaseProblemTypesEditTestScript -->
