<?xml version="1.0" encoding="UTF-8"?>
<!-- Generated by org.testng.reporters.JUnitReportReporter -->
<testsuite skipped="0" hostname="MAC-DES-104" name="com.test.OtherCredentiallingSourceTypesAddCommTestScript" tests="1" failures="0" timestamp="01 Dec 2018 14:51:53 GMT" time="45.006" errors="0">
  <testcase name="OtherCredentiallingSourceTypesAddCommTestScript1" time="45.006" classname="com.test.OtherCredentiallingSourceTypesAddCommTestScript"/>
</testsuite> <!-- com.test.OtherCredentiallingSourceTypesAddCommTestScript -->
