<?xml version="1.0" encoding="UTF-8"?>
<!-- Generated by org.testng.reporters.JUnitReportReporter -->
<testsuite skipped="0" hostname="OPTVDA0047" name="memberActivity.MCSimpleReverseMultipleClaims" tests="1" failures="0" timestamp="13 Apr 2018 15:40:45 GMT" time="152.518" errors="0">
  <testcase name="main" time="152.518" classname="memberActivity.MCSimpleReverseMultipleClaims"/>
</testsuite> <!-- memberActivity.MCSimpleReverseMultipleClaims -->
