<?xml version="1.0" encoding="UTF-8"?>
<!-- Generated by org.testng.reporters.JUnitReportReporter -->
<testsuite skipped="0" hostname="MAC-DES-104" name="com.test.MemberAccumulatorAddComm" tests="1" failures="0" timestamp="03 Dec 2018 06:06:55 GMT" time="79.292" errors="0">
  <testcase name="MemberAccumulatorAddCommunicationTestScript" time="79.292" classname="com.test.MemberAccumulatorAddComm"/>
</testsuite> <!-- com.test.MemberAccumulatorAddComm -->
