<?xml version="1.0" encoding="UTF-8"?>
<!-- Generated by org.testng.reporters.JUnitReportReporter -->
<testsuite skipped="0" hostname="MAC-DES-104" name="com.test.ProviderTypesCopyTestScript" tests="1" failures="0" timestamp="01 Dec 2018 14:51:47 GMT" time="30.386" errors="0">
  <testcase name="ProvidersTypesCopyTestScript" time="30.386" classname="com.test.ProviderTypesCopyTestScript"/>
</testsuite> <!-- com.test.ProviderTypesCopyTestScript -->
