<?xml version="1.0" encoding="UTF-8"?>
<!-- Generated by org.testng.reporters.JUnitReportReporter -->
<testsuite skipped="0" hostname="MAC-DES-104" name="com.test.InpatientWardsUnitsEditTestScript" tests="1" failures="0" timestamp="01 Dec 2018 14:51:50 GMT" time="31.823" errors="0">
  <testcase name="InpatientWardsUnitsEditTestScript1" time="31.823" classname="com.test.InpatientWardsUnitsEditTestScript"/>
</testsuite> <!-- com.test.InpatientWardsUnitsEditTestScript -->
