<?xml version="1.0" encoding="UTF-8"?>
<!-- Generated by org.testng.reporters.JUnitReportReporter -->
<testsuite skipped="0" hostname="MAC-DES-104" name="com.test.InpatientWardsUnitsDeleteTestScript" tests="1" failures="0" timestamp="01 Dec 2018 14:51:53 GMT" time="90.370" errors="0">
  <testcase name="InpatientWardsUnitsDeleteTestScript1" time="90.370" classname="com.test.InpatientWardsUnitsDeleteTestScript"/>
</testsuite> <!-- com.test.InpatientWardsUnitsDeleteTestScript -->
