<?xml version="1.0" encoding="UTF-8"?>
<!-- Generated by org.testng.reporters.JUnitReportReporter -->
<testsuite skipped="0" hostname="OPTVDA0047" name="com.test.EmployerGroupsAdd" tests="1" failures="0" timestamp="19 Jun 2018 15:54:26 GMT" time="33.215" errors="0">
  <testcase name="EmployerGroupsAddTestScript" time="33.215" classname="com.test.EmployerGroupsAdd"/>
</testsuite> <!-- com.test.EmployerGroupsAdd -->
