<?xml version="1.0" encoding="UTF-8"?>
<!-- Generated by org.testng.reporters.JUnitReportReporter -->
<testsuite skipped="0" hostname="MAC-DES-104" name="com.test.LegalRepresentativesAddCommTestScript" tests="1" failures="0" timestamp="01 Dec 2018 14:51:49 GMT" time="66.112" errors="0">
  <testcase name="LegalRepresentativesAddCommTestScript1" time="66.112" classname="com.test.LegalRepresentativesAddCommTestScript"/>
</testsuite> <!-- com.test.LegalRepresentativesAddCommTestScript -->
