<?xml version="1.0" encoding="UTF-8"?>
<!-- Generated by org.testng.reporters.JUnitReportReporter -->
<testsuite skipped="0" hostname="MAC-DES-104" name="com.test.JobStatusCategoriesAddCommTestScript" tests="1" failures="0" timestamp="01 Dec 2018 14:51:53 GMT" time="66.850" errors="0">
  <testcase name="JobStatusCategoriesAddCommTestScript1" time="66.850" classname="com.test.JobStatusCategoriesAddCommTestScript"/>
</testsuite> <!-- com.test.JobStatusCategoriesAddCommTestScript -->
