<?xml version="1.0" encoding="UTF-8"?>
<!-- Generated by org.testng.reporters.JUnitReportReporter -->
<testsuite skipped="0" hostname="OPTVDA0047" name="com.test.MCAdjuducateMultipleClaims" tests="1" failures="0" timestamp="25 Apr 2018 20:21:11 GMT" time="246.189" errors="0">
  <testcase name="main" time="246.189" classname="com.test.MCAdjuducateMultipleClaims"/>
</testsuite> <!-- com.test.MCAdjuducateMultipleClaims -->
