<?xml version="1.0" encoding="UTF-8"?>
<!-- Generated by org.testng.reporters.JUnitReportReporter -->
<testsuite skipped="0" hostname="OPTVDA0047" name="memberActivity.MemberAuthAddCommunication" tests="1" failures="0" timestamp="26 Apr 2018 16:22:04 GMT" time="75.421" errors="0">
  <testcase name="main" time="75.421" classname="memberActivity.MemberAuthAddCommunication"/>
</testsuite> <!-- memberActivity.MemberAuthAddCommunication -->
