<?xml version="1.0" encoding="UTF-8"?>
<!-- Generated by org.testng.reporters.JUnitReportReporter -->
<testsuite skipped="0" hostname="MAC-DES-104" name="com.test.MemberSubscriberRelationshipsCopyTestScript" tests="1" failures="0" timestamp="01 Dec 2018 14:51:53 GMT" time="35.080" errors="0">
  <testcase name="MemberSubscriberRelationshipsCopyTestScript1" time="35.080" classname="com.test.MemberSubscriberRelationshipsCopyTestScript"/>
</testsuite> <!-- com.test.MemberSubscriberRelationshipsCopyTestScript -->
