<?xml version="1.0" encoding="UTF-8"?>
<!-- Generated by org.testng.reporters.JUnitReportReporter -->
<testsuite skipped="0" hostname="MAC-DES-104" name="com.test.NorthAmericanIndustrialClassificationsAddTestScript" tests="1" failures="0" timestamp="01 Dec 2018 14:51:51 GMT" time="100.347" errors="0">
  <testcase name="NorthAmericanIndustrialClassificationsAddTestScript1" time="100.347" classname="com.test.NorthAmericanIndustrialClassificationsAddTestScript"/>
</testsuite> <!-- com.test.NorthAmericanIndustrialClassificationsAddTestScript -->
