<?xml version="1.0" encoding="UTF-8"?>
<!-- Generated by org.testng.reporters.JUnitReportReporter -->
<testsuite skipped="0" hostname="MAC-DES-104" name="com.test.CEVEditClaim" tests="1" failures="0" timestamp="01 Dec 2018 14:51:45 GMT" time="91.538" errors="0">
  <testcase name="ClaimsExaminerViewEditClaim" time="91.538" classname="com.test.CEVEditClaim"/>
</testsuite> <!-- com.test.CEVEditClaim -->
