<?xml version="1.0" encoding="UTF-8"?>
<!-- Generated by org.testng.reporters.JUnitReportReporter -->
<testsuite skipped="0" hostname="OPTVDA0047" name="memberActivity.CopyClaim" tests="1" failures="0" timestamp="03 Apr 2018 17:53:46 GMT" time="31.898" errors="0">
  <testcase name="main" time="31.898" classname="memberActivity.CopyClaim"/>
</testsuite> <!-- memberActivity.CopyClaim -->
