<?xml version="1.0" encoding="UTF-8"?>
<!-- Generated by org.testng.reporters.JUnitReportReporter -->
<testsuite skipped="0" hostname="MAC-DES-104" name="com.test.UMCaseStatusCodesCopyTestScript" tests="1" failures="0" timestamp="01 Dec 2018 14:51:46 GMT" time="37.870" errors="0">
  <testcase name="UMCaseStatusCodesCopyTestScript1" time="37.870" classname="com.test.UMCaseStatusCodesCopyTestScript"/>
</testsuite> <!-- com.test.UMCaseStatusCodesCopyTestScript -->
