<?xml version="1.0" encoding="UTF-8"?>
<!-- Generated by org.testng.reporters.JUnitReportReporter -->
<testsuite skipped="0" hostname="OPTVDA0047" name="memberActivity.MCAdjuducateMultipleClaims" tests="1" failures="0" timestamp="12 Apr 2018 14:50:25 GMT" time="121.822" errors="0">
  <testcase name="main" time="121.822" classname="memberActivity.MCAdjuducateMultipleClaims"/>
</testsuite> <!-- memberActivity.MCAdjuducateMultipleClaims -->
