<?xml version="1.0" encoding="UTF-8"?>
<!-- Generated by org.testng.reporters.JUnitReportReporter -->
<testsuite skipped="0" hostname="MAC-DES-104" name="com.test.FCMCEthnicGroupCodesAddCommTestScript" tests="1" failures="0" timestamp="01 Dec 2018 14:51:48 GMT" time="38.332" errors="0">
  <testcase name="FCMCEthnicGroupCodesAddCommTestScriptTestScript" time="38.332" classname="com.test.FCMCEthnicGroupCodesAddCommTestScript"/>
</testsuite> <!-- com.test.FCMCEthnicGroupCodesAddCommTestScript -->
