<?xml version="1.0" encoding="UTF-8"?>
<!-- Generated by org.testng.reporters.JUnitReportReporter -->
<testsuite skipped="0" hostname="MAC-DES-104" name="com.test.InpatientWardsUnitsExitTestScript" tests="1" failures="0" timestamp="01 Dec 2018 14:51:49 GMT" time="31.621" errors="0">
  <testcase name="inpatientwardsUnitsExitTestScript" time="31.621" classname="com.test.InpatientWardsUnitsExitTestScript"/>
</testsuite> <!-- com.test.InpatientWardsUnitsExitTestScript -->
