<?xml version="1.0" encoding="UTF-8"?>
<!-- Generated by org.testng.reporters.JUnitReportReporter -->
<testsuite skipped="0" hostname="OPTVDA0047" name="memberActivity.MemberAuthAdd" tests="1" failures="0" timestamp="26 Apr 2018 20:53:16 GMT" time="42.572" errors="0">
  <testcase name="main" time="42.572" classname="memberActivity.MemberAuthAdd"/>
</testsuite> <!-- memberActivity.MemberAuthAdd -->
