<?xml version="1.0" encoding="UTF-8"?>
<!-- Generated by org.testng.reporters.JUnitReportReporter -->
<testsuite skipped="0" hostname="MAC-DES-104" name="com.test.BenefitPlanEdit" tests="1" failures="0" timestamp="01 Dec 2018 14:51:50 GMT" time="41.700" errors="0">
  <testcase name="BenefitPlanEditTestScript" time="41.700" classname="com.test.BenefitPlanEdit"/>
</testsuite> <!-- com.test.BenefitPlanEdit -->
