<?xml version="1.0" encoding="UTF-8"?>
<!-- Generated by org.testng.reporters.JUnitReportReporter -->
<testsuite skipped="0" hostname="MAC-DES-104" name="com.test.AuthorizationExaminerViewEdit" tests="1" failures="0" timestamp="01 Dec 2018 14:51:48 GMT" time="130.535" errors="0">
  <testcase name="AuthorizationsExaminerViewEditTestScript" time="130.535" classname="com.test.AuthorizationExaminerViewEdit"/>
</testsuite> <!-- com.test.AuthorizationExaminerViewEdit -->
