<?xml version="1.0" encoding="UTF-8"?>
<!-- Generated by org.testng.reporters.JUnitReportReporter -->
<testsuite skipped="0" hostname="MAC-DES-104" name="com.test.AdjustmentTypesCopyTestScript" tests="1" failures="0" timestamp="01 Dec 2018 14:51:50 GMT" time="35.236" errors="0">
  <testcase name="AdjustmentTypesCopyTestScript1" time="35.236" classname="com.test.AdjustmentTypesCopyTestScript"/>
</testsuite> <!-- com.test.AdjustmentTypesCopyTestScript -->
