<?xml version="1.0" encoding="UTF-8"?>
<!-- Generated by org.testng.reporters.JUnitReportReporter -->
<testsuite skipped="0" hostname="MAC-DES-104" name="com.test.OccupationalClassesDeleteTestScript" tests="1" failures="0" timestamp="01 Dec 2018 14:51:53 GMT" time="65.110" errors="0">
  <testcase name="OccupationalClassesDeleteTestScript1" time="65.110" classname="com.test.OccupationalClassesDeleteTestScript"/>
</testsuite> <!-- com.test.OccupationalClassesDeleteTestScript -->
