<?xml version="1.0" encoding="UTF-8"?>
<!-- Generated by org.testng.reporters.JUnitReportReporter -->
<testsuite skipped="0" hostname="MAC-DES-104" name="com.test.MyOpenCasesForFollowUpDelete" tests="1" failures="0" timestamp="01 Dec 2018 14:51:48 GMT" time="130.438" errors="0">
  <testcase name="MyOpenCasesForFollowupDeleteTestScript" time="130.438" classname="com.test.MyOpenCasesForFollowUpDelete"/>
</testsuite> <!-- com.test.MyOpenCasesForFollowUpDelete -->
