<?xml version="1.0" encoding="UTF-8"?>
<!-- Generated by org.testng.reporters.JUnitReportReporter -->
<testsuite skipped="0" hostname="MAC-DES-104" name="com.test.DiagnosticCategoriesExitTestScript" tests="1" failures="0" timestamp="01 Dec 2018 14:51:45 GMT" time="32.301" errors="0">
  <testcase name="DiagnosticCategoriesExitTestScript1" time="32.301" classname="com.test.DiagnosticCategoriesExitTestScript"/>
</testsuite> <!-- com.test.DiagnosticCategoriesExitTestScript -->
