<?xml version="1.0" encoding="UTF-8"?>
<!-- Generated by org.testng.reporters.JUnitReportReporter -->
<testsuite skipped="0" hostname="OPTVDA0047" name="memberActivity.DeleteClaim" tests="1" failures="0" timestamp="03 Apr 2018 17:53:46 GMT" time="76.569" errors="0">
  <testcase name="main" time="76.569" classname="memberActivity.DeleteClaim"/>
</testsuite> <!-- memberActivity.DeleteClaim -->
