<?xml version="1.0" encoding="UTF-8"?>
<!-- Generated by org.testng.reporters.JUnitReportReporter -->
<testsuite skipped="0" hostname="MAC-DES-104" name="com.test.EthnicCategoriesEditTestScript" tests="1" failures="0" timestamp="01 Dec 2018 14:51:44 GMT" time="70.484" errors="0">
  <testcase name="EthnicCategoriesEditTestScript1" time="70.484" classname="com.test.EthnicCategoriesEditTestScript"/>
</testsuite> <!-- com.test.EthnicCategoriesEditTestScript -->
