<?xml version="1.0" encoding="UTF-8"?>
<!-- Generated by org.testng.reporters.JUnitReportReporter -->
<testsuite skipped="0" hostname="MAC-DES-104" name="com.test.PlaceofServiceTypesExitTestScript" tests="1" failures="0" timestamp="01 Dec 2018 14:51:44 GMT" time="33.056" errors="0">
  <testcase name="PlaceofServiceTypesExitTestScript1" time="33.056" classname="com.test.PlaceofServiceTypesExitTestScript"/>
</testsuite> <!-- com.test.PlaceofServiceTypesExitTestScript -->
