<?xml version="1.0" encoding="UTF-8"?>
<!-- Generated by org.testng.reporters.JUnitReportReporter -->
<testsuite skipped="0" hostname="MAC-DES-104" name="com.test.CredentiallingStatusesAddTestScript" tests="1" failures="0" timestamp="01 Dec 2018 14:51:50 GMT" time="55.735" errors="0">
  <testcase name="CredentiallingStatusesAddTestScript1" time="55.735" classname="com.test.CredentiallingStatusesAddTestScript"/>
</testsuite> <!-- com.test.CredentiallingStatusesAddTestScript -->
