<?xml version="1.0" encoding="UTF-8"?>
<!-- Generated by org.testng.reporters.JUnitReportReporter -->
<testsuite skipped="0" hostname="OPTVDA0047" name="memberActivity.MCMoveMultipleClaims" tests="1" failures="0" timestamp="10 Apr 2018 18:29:57 GMT" time="148.747" errors="0">
  <testcase name="main" time="148.747" classname="memberActivity.MCMoveMultipleClaims"/>
</testsuite> <!-- memberActivity.MCMoveMultipleClaims -->
