<?xml version="1.0" encoding="UTF-8"?>
<!-- Generated by org.testng.reporters.JUnitReportReporter -->
<testsuite skipped="0" hostname="OPTVDA0047" name="memberActivity.MemberAuthValidate" tests="1" failures="0" timestamp="27 Apr 2018 17:04:48 GMT" time="41.515" errors="0">
  <testcase name="main" time="41.515" classname="memberActivity.MemberAuthValidate"/>
</testsuite> <!-- memberActivity.MemberAuthValidate -->
