<?xml version="1.0" encoding="UTF-8"?>
<!-- Generated by org.testng.reporters.JUnitReportReporter -->
<testsuite skipped="0" hostname="MAC-DES-104" name="com.test.ProviderTypesDeleteTestScript" tests="1" failures="0" timestamp="01 Dec 2018 14:51:45 GMT" time="61.184" errors="0">
  <testcase name="ProviderTypesDeleteTestScript1" time="61.184" classname="com.test.ProviderTypesDeleteTestScript"/>
</testsuite> <!-- com.test.ProviderTypesDeleteTestScript -->
