<?xml version="1.0" encoding="UTF-8"?>
<!-- Generated by org.testng.reporters.JUnitReportReporter -->
<testsuite skipped="0" hostname="MAC-DES-104" name="com.test.PayerListingAdd" tests="1" failures="0" timestamp="01 Dec 2018 14:51:44 GMT" time="74.319" errors="0">
  <testcase name="PayerListingAddTestScript" time="74.319" classname="com.test.PayerListingAdd"/>
</testsuite> <!-- com.test.PayerListingAdd -->
