<?xml version="1.0" encoding="UTF-8"?>
<!-- Generated by org.testng.reporters.JUnitReportReporter -->
<testsuite skipped="0" hostname="MAC-DES-104" name="com.test.JournalNoteTypesCopyTestScript" tests="1" failures="0" timestamp="01 Dec 2018 14:51:52 GMT" time="34.323" errors="0">
  <testcase name="JournalNoteTypesCopyTestScript1" time="34.323" classname="com.test.JournalNoteTypesCopyTestScript"/>
</testsuite> <!-- com.test.JournalNoteTypesCopyTestScript -->
