<?xml version="1.0" encoding="UTF-8"?>
<!-- Generated by org.testng.reporters.JUnitReportReporter -->
<testsuite skipped="0" hostname="MAC-DES-104" name="com.test.ProviderTypesAddCommTestScript" tests="1" failures="0" timestamp="01 Dec 2018 14:51:47 GMT" time="37.424" errors="0">
  <testcase name="ProviderTypesAddCommTestScript1" time="37.424" classname="com.test.ProviderTypesAddCommTestScript"/>
</testsuite> <!-- com.test.ProviderTypesAddCommTestScript -->
