<?xml version="1.0" encoding="UTF-8"?>
<!-- Generated by org.testng.reporters.JUnitReportReporter -->
<testsuite skipped="0" hostname="MAC-DES-104" name="com.test.CarrierCoverageTypesExitTestScript" tests="1" failures="0" timestamp="01 Dec 2018 14:51:53 GMT" time="36.131" errors="0">
  <testcase name="CarrierCoverageTypesExitTestScript1" time="36.131" classname="com.test.CarrierCoverageTypesExitTestScript"/>
</testsuite> <!-- com.test.CarrierCoverageTypesExitTestScript -->
