<?xml version="1.0" encoding="UTF-8"?>
<!-- Generated by org.testng.reporters.JUnitReportReporter -->
<testsuite skipped="0" hostname="OPTVDA0047" name="memberActivity.MCNewMemberMultipleClaims" tests="1" failures="0" timestamp="10 Apr 2018 17:14:19 GMT" time="176.339" errors="0">
  <testcase name="main" time="176.339" classname="memberActivity.MCNewMemberMultipleClaims"/>
</testsuite> <!-- memberActivity.MCNewMemberMultipleClaims -->
