<?xml version="1.0" encoding="UTF-8"?>
<!-- Generated by org.testng.reporters.JUnitReportReporter -->
<testsuite skipped="0" hostname="MAC-DES-104" name="com.test.ServiceCodesEditTestScript" tests="1" failures="0" timestamp="01 Dec 2018 14:51:53 GMT" time="34.390" errors="0">
  <testcase name="ServiceCodesEditTestScript1" time="34.390" classname="com.test.ServiceCodesEditTestScript"/>
</testsuite> <!-- com.test.ServiceCodesEditTestScript -->
