<?xml version="1.0" encoding="UTF-8"?>
<!-- Generated by org.testng.reporters.JUnitReportReporter -->
<testsuite skipped="0" hostname="MAC-DES-104" name="com.test.ServiceCodesAddTestScript" tests="1" failures="0" timestamp="01 Dec 2018 14:51:49 GMT" time="97.476" errors="0">
  <testcase name="ServiceCodesAddTestScript1" time="97.476" classname="com.test.ServiceCodesAddTestScript"/>
</testsuite> <!-- com.test.ServiceCodesAddTestScript -->
