<?xml version="1.0" encoding="UTF-8"?>
<!-- Generated by org.testng.reporters.JUnitReportReporter -->
<testsuite skipped="0" hostname="OPTVDA0047" name="com.test.BenefitPlanEditServiceType" tests="1" failures="0" timestamp="02 Jul 2018 23:27:40 GMT" time="489.889" errors="0">
  <testcase name="BenefitPlanEditServiceTypeTestScript" time="489.889" classname="com.test.BenefitPlanEditServiceType"/>
</testsuite> <!-- com.test.BenefitPlanEditServiceType -->
