<?xml version="1.0" encoding="UTF-8"?>
<!-- Generated by org.testng.reporters.JUnitReportReporter -->
<testsuite skipped="0" hostname="MAC-DES-104" name="com.test.ServiceCategoriesDeleteTestType" tests="1" failures="0" timestamp="01 Dec 2018 14:51:52 GMT" time="65.169" errors="0">
  <testcase name="ServiceCategoriesDeleteTestScript" time="65.169" classname="com.test.ServiceCategoriesDeleteTestType"/>
</testsuite> <!-- com.test.ServiceCategoriesDeleteTestType -->
