<?xml version="1.0" encoding="UTF-8"?>
<!-- Generated by org.testng.reporters.JUnitReportReporter -->
<testsuite skipped="0" hostname="MAC-DES-104" name="com.test.ModifiersEditTestScript" tests="1" failures="0" timestamp="01 Dec 2018 14:51:53 GMT" time="37.051" errors="0">
  <testcase name="ModifiersEditTestScript1" time="37.051" classname="com.test.ModifiersEditTestScript"/>
</testsuite> <!-- com.test.ModifiersEditTestScript -->
