<?xml version="1.0" encoding="UTF-8"?>
<!-- Generated by org.testng.reporters.JUnitReportReporter -->
<testsuite skipped="0" hostname="MAC-DES-104" name="com.test.EthnicCategoriesAddTestScript" tests="1" failures="0" timestamp="01 Dec 2018 14:51:50 GMT" time="57.157" errors="0">
  <testcase name="EthnicCategoriesAddTestScript1" time="57.157" classname="com.test.EthnicCategoriesAddTestScript"/>
</testsuite> <!-- com.test.EthnicCategoriesAddTestScript -->
