<?xml version="1.0" encoding="UTF-8"?>
<!-- Generated by org.testng.reporters.JUnitReportReporter -->
<testsuite skipped="0" hostname="MAC-DES-104" name="com.test.TierCopayScheduleEdit" tests="1" failures="0" timestamp="01 Dec 2018 14:51:50 GMT" time="36.145" errors="0">
  <testcase name="TierCopayScheduleEditTestScript" time="36.145" classname="com.test.TierCopayScheduleEdit"/>
</testsuite> <!-- com.test.TierCopayScheduleEdit -->
