<?xml version="1.0" encoding="UTF-8"?>
<!-- Generated by org.testng.reporters.JUnitReportReporter -->
<testsuite skipped="0" hostname="OPTVDA0047" name="com.test.AuthrorizationExaminerViewEdit" tests="1" failures="0" timestamp="14 May 2018 17:02:06 GMT" time="43.874" errors="0">
  <testcase name="AuthorizationsExaminerViewCopyTestScript" time="43.874" classname="com.test.AuthrorizationExaminerViewEdit"/>
</testsuite> <!-- com.test.AuthrorizationExaminerViewEdit -->
