<?xml version="1.0" encoding="UTF-8"?>
<!-- Generated by org.testng.reporters.JUnitReportReporter -->
<testsuite skipped="0" hostname="MAC-DES-104" name="com.test.CEVCopyClaim" tests="1" failures="0" timestamp="01 Dec 2018 14:51:44 GMT" time="43.857" errors="0">
  <testcase name="ClaimExaminerViewCopyClaimTestScript" time="43.857" classname="com.test.CEVCopyClaim"/>
</testsuite> <!-- com.test.CEVCopyClaim -->
