<?xml version="1.0" encoding="UTF-8"?>
<!-- Generated by org.testng.reporters.JUnitReportReporter -->
<testsuite skipped="0" hostname="OPTVDA0047" name="memberActivity.CEVAddCommunication" tests="1" failures="0" timestamp="13 Apr 2018 14:21:54 GMT" time="199.903" errors="0">
  <testcase name="main" time="199.903" classname="memberActivity.CEVAddCommunication"/>
</testsuite> <!-- memberActivity.CEVAddCommunication -->
