<?xml version="1.0" encoding="UTF-8"?>
<!-- Generated by org.testng.reporters.JUnitReportReporter -->
<testsuite skipped="0" hostname="MAC-DES-104" name="com.test.CarrierCoverageTypesEditTestScript" tests="1" failures="0" timestamp="01 Dec 2018 14:51:45 GMT" time="32.926" errors="0">
  <testcase name="CarrierCoverageTypesEditTestScript1" time="32.926" classname="com.test.CarrierCoverageTypesEditTestScript"/>
</testsuite> <!-- com.test.CarrierCoverageTypesEditTestScript -->
