<?xml version="1.0" encoding="UTF-8"?>
<!-- Generated by org.testng.reporters.JUnitReportReporter -->
<testsuite skipped="0" hostname="OPTVDA0047" name="com.test.LegalRepresentivesAddTestScript" tests="1" failures="0" timestamp="05 Nov 2018 12:36:32 GMT" time="69.265" errors="0">
  <testcase name="LegalRepresentivesAddTestScript" time="69.265" classname="com.test.LegalRepresentivesAddTestScript"/>
</testsuite> <!-- com.test.LegalRepresentivesAddTestScript -->
