<?xml version="1.0" encoding="UTF-8"?>
<!-- Generated by org.testng.reporters.JUnitReportReporter -->
<testsuite skipped="0" hostname="MAC-DES-104" name="com.test.URCaseProblemTypesExitTestScript" tests="1" failures="0" timestamp="01 Dec 2018 14:51:53 GMT" time="32.080" errors="0">
  <testcase name="URCaseProblemTypesExitTestScript1" time="32.080" classname="com.test.URCaseProblemTypesExitTestScript"/>
</testsuite> <!-- com.test.URCaseProblemTypesExitTestScript -->
