<?xml version="1.0" encoding="UTF-8"?>
<!-- Generated by org.testng.reporters.JUnitReportReporter -->
<testsuite skipped="0" hostname="MAC-DES-104" name="com.test.InitialResponseatIntakesCopyTestScript" tests="1" failures="0" timestamp="01 Dec 2018 14:51:52 GMT" time="30.688" errors="0">
  <testcase name="InitialResponseatIntakesCopyTestScript1" time="30.688" classname="com.test.InitialResponseatIntakesCopyTestScript"/>
</testsuite> <!-- com.test.InitialResponseatIntakesCopyTestScript -->
