<?xml version="1.0" encoding="UTF-8"?>
<!-- Generated by org.testng.reporters.JUnitReportReporter -->
<testsuite skipped="0" hostname="MAC-DES-104" name="com.test.OfficeTypesDeleteTestScript" tests="1" failures="0" timestamp="01 Dec 2018 14:51:52 GMT" time="63.178" errors="0">
  <testcase name="OfficeTypesDeleteTestScript1" time="63.178" classname="com.test.OfficeTypesDeleteTestScript"/>
</testsuite> <!-- com.test.OfficeTypesDeleteTestScript -->
