<?xml version="1.0" encoding="UTF-8"?>
<!-- Generated by org.testng.reporters.JUnitReportReporter -->
<testsuite skipped="0" hostname="OPTVDA0047" name="memberActivity.CEVMoveClaim" tests="1" failures="0" timestamp="12 Apr 2018 20:27:57 GMT" time="166.040" errors="0">
  <testcase name="main" time="166.040" classname="memberActivity.CEVMoveClaim"/>
</testsuite> <!-- memberActivity.CEVMoveClaim -->
