<?xml version="1.0" encoding="UTF-8"?>
<!-- Generated by org.testng.reporters.JUnitReportReporter -->
<testsuite skipped="0" hostname="MAC-DES-104" name="com.test.RVUGeographicMultipliersExitTestScript" tests="1" failures="0" timestamp="01 Dec 2018 14:51:44 GMT" time="33.396" errors="0">
  <testcase name="RVUGeographicMultipliersExitTestScript1" time="33.396" classname="com.test.RVUGeographicMultipliersExitTestScript"/>
</testsuite> <!-- com.test.RVUGeographicMultipliersExitTestScript -->
