<?xml version="1.0" encoding="UTF-8"?>
<!-- Generated by org.testng.reporters.JUnitReportReporter -->
<testsuite skipped="0" hostname="MAC-DES-104" name="com.test.FCMCActionCodesDeleteTestScript" tests="1" failures="0" timestamp="01 Dec 2018 14:51:44 GMT" time="74.358" errors="0">
  <testcase name="FCMCActionCodesDeleteTestScript1" time="74.358" classname="com.test.FCMCActionCodesDeleteTestScript"/>
</testsuite> <!-- com.test.FCMCActionCodesDeleteTestScript -->
