<?xml version="1.0" encoding="UTF-8"?>
<!-- Generated by org.testng.reporters.JUnitReportReporter -->
<testsuite skipped="0" hostname="MAC-DES-104" name="com.test.ServiceSetsDeleteTestScript" tests="1" failures="0" timestamp="01 Dec 2018 14:51:51 GMT" time="66.420" errors="0">
  <testcase name="ServiceSetsDeleteTestScript1" time="66.420" classname="com.test.ServiceSetsDeleteTestScript"/>
</testsuite> <!-- com.test.ServiceSetsDeleteTestScript -->
