<?xml version="1.0" encoding="UTF-8"?>
<!-- Generated by org.testng.reporters.JUnitReportReporter -->
<testsuite skipped="0" hostname="MAC-DES-104" name="com.test.CommunicationCaseTypesCopyTestScript" tests="1" failures="0" timestamp="01 Dec 2018 14:51:45 GMT" time="35.836" errors="0">
  <testcase name="CommunicationCaseTypesCopyTestScript1" time="35.836" classname="com.test.CommunicationCaseTypesCopyTestScript"/>
</testsuite> <!-- com.test.CommunicationCaseTypesCopyTestScript -->
