<?xml version="1.0" encoding="UTF-8"?>
<!-- Generated by org.testng.reporters.JUnitReportReporter -->
<testsuite skipped="0" hostname="MAC-DES-104" name="com.test.UMCaseReferralSourcesAddCommTestScript" tests="1" failures="0" timestamp="01 Dec 2018 14:51:47 GMT" time="39.782" errors="0">
  <testcase name="UMCaseReferralSourcesAddCommTestScript1" time="39.782" classname="com.test.UMCaseReferralSourcesAddCommTestScript"/>
</testsuite> <!-- com.test.UMCaseReferralSourcesAddCommTestScript -->
