<?xml version="1.0" encoding="UTF-8"?>
<!-- Generated by org.testng.reporters.JUnitReportReporter -->
<testsuite skipped="0" hostname="OPTVDA0047" name="memberActivity.Log4j_Logging_TC" tests="1" failures="0" timestamp="18 Apr 2018 18:56:22 GMT" time="80.614" errors="0">
  <testcase name="main" time="80.614" classname="memberActivity.Log4j_Logging_TC"/>
</testsuite> <!-- memberActivity.Log4j_Logging_TC -->
