<?xml version="1.0" encoding="UTF-8"?>
<!-- Generated by org.testng.reporters.JUnitReportReporter -->
<testsuite skipped="0" hostname="MAC-DES-104" name="com.test.DispositionCodesCopyTestScript" tests="1" failures="0" timestamp="01 Dec 2018 14:51:48 GMT" time="54.785" errors="0">
  <testcase name="DispositionCodesCopyTestScript1" time="54.785" classname="com.test.DispositionCodesCopyTestScript"/>
</testsuite> <!-- com.test.DispositionCodesCopyTestScript -->
