<?xml version="1.0" encoding="UTF-8"?>
<!-- Generated by org.testng.reporters.JUnitReportReporter -->
<testsuite skipped="0" hostname="OPTVDA0047" name="com.test.ClearCacheAndRefresh" tests="1" failures="0" timestamp="09 Nov 2018 22:39:38 GMT" time="50.675" errors="0">
  <testcase name="startTimeTestScript" time="50.675" classname="com.test.ClearCacheAndRefresh"/>
</testsuite> <!-- com.test.ClearCacheAndRefresh -->
