<?xml version="1.0" encoding="UTF-8"?>
<!-- Generated by org.testng.reporters.JUnitReportReporter -->
<testsuite skipped="0" hostname="MAC-DES-104" name="com.test.CommunicationCasePrioritiesDeleteTestScript" tests="1" failures="0" timestamp="01 Dec 2018 14:51:47 GMT" time="69.280" errors="0">
  <testcase name="CommunicationCasePrioritiesDeleteTestScript1" time="69.280" classname="com.test.CommunicationCasePrioritiesDeleteTestScript"/>
</testsuite> <!-- com.test.CommunicationCasePrioritiesDeleteTestScript -->
