<?xml version="1.0" encoding="UTF-8"?>
<!-- Generated by org.testng.reporters.JUnitReportReporter -->
<testsuite skipped="0" hostname="MAC-DES-104" name="com.test.DiagnosisCodesAddTestScript" tests="1" failures="0" timestamp="01 Dec 2018 14:51:49 GMT" time="75.953" errors="0">
  <testcase name="DiagnosisCodesAddTestScript1" time="75.953" classname="com.test.DiagnosisCodesAddTestScript"/>
</testsuite> <!-- com.test.DiagnosisCodesAddTestScript -->
