<?xml version="1.0" encoding="UTF-8"?>
<!-- Generated by org.testng.reporters.JUnitReportReporter -->
<testsuite skipped="0" hostname="MAC-DES-104" name="com.test.EmployerGroupsDeleteTestScript" tests="1" failures="0" timestamp="01 Dec 2018 14:51:49 GMT" time="68.012" errors="0">
  <testcase name="EmployerGroupsDeleteTestScript1" time="68.012" classname="com.test.EmployerGroupsDeleteTestScript"/>
</testsuite> <!-- com.test.EmployerGroupsDeleteTestScript -->
