<?xml version="1.0" encoding="UTF-8"?>
<!-- Generated by org.testng.reporters.JUnitReportReporter -->
<testsuite skipped="0" hostname="MAC-DES-104" name="com.test.InpatientWardsUnitsAddTestScript" tests="1" failures="0" timestamp="01 Dec 2018 14:51:48 GMT" time="33.473" errors="0">
  <testcase name="InpatientWardsUnitsAddTestScriptTestScript" time="33.473" classname="com.test.InpatientWardsUnitsAddTestScript"/>
</testsuite> <!-- com.test.InpatientWardsUnitsAddTestScript -->
