<?xml version="1.0" encoding="UTF-8"?>
<!-- Generated by org.testng.reporters.JUnitReportReporter -->
<testsuite skipped="0" hostname="MAC-DES-104" name="com.test.AuthorizationExaminerViewAddComm" tests="1" failures="0" timestamp="01 Dec 2018 14:51:53 GMT" time="62.710" errors="0">
  <testcase name="AuthorizationsExaminerViewAddCommunicationTestScript" time="62.710" classname="com.test.AuthorizationExaminerViewAddComm"/>
</testsuite> <!-- com.test.AuthorizationExaminerViewAddComm -->
