<?xml version="1.0" encoding="UTF-8"?>
<!-- Generated by org.testng.reporters.JUnitReportReporter -->
<testsuite skipped="0" hostname="MAC-DES-104" name="com.test.CarriersAddCommTestScript" tests="1" failures="0" timestamp="01 Dec 2018 14:51:49 GMT" time="44.294" errors="0">
  <testcase name="CarriersAddCommTestScript1" time="44.294" classname="com.test.CarriersAddCommTestScript"/>
</testsuite> <!-- com.test.CarriersAddCommTestScript -->
