<?xml version="1.0" encoding="UTF-8"?>
<!-- Generated by org.testng.reporters.JUnitReportReporter -->
<testsuite skipped="0" hostname="OPTVDA0047" name="memberActivity.AdjudicateClaim" tests="1" failures="0" timestamp="18 Apr 2018 18:31:50 GMT" time="80.283" errors="0">
  <testcase name="main" time="80.283" classname="memberActivity.AdjudicateClaim"/>
</testsuite> <!-- memberActivity.AdjudicateClaim -->
