<?xml version="1.0" encoding="UTF-8"?>
<!-- Generated by org.testng.reporters.JUnitReportReporter -->
<testsuite skipped="0" hostname="MAC-DES-104" name="com.test.HCFAServiceTypesDeleteTestScript" tests="1" failures="0" timestamp="01 Dec 2018 14:51:50 GMT" time="66.694" errors="0">
  <testcase name="HCFAServiceTypesDeleteTestScript1" time="66.694" classname="com.test.HCFAServiceTypesDeleteTestScript"/>
</testsuite> <!-- com.test.HCFAServiceTypesDeleteTestScript -->
