<?xml version="1.0" encoding="UTF-8"?>
<!-- Generated by org.testng.reporters.JUnitReportReporter -->
<testsuite skipped="0" hostname="MAC-DES-104" name="com.test.NorthAmericanIndustrialClassificationsEditTestScript" tests="1" failures="0" timestamp="01 Dec 2018 14:51:48 GMT" time="66.722" errors="0">
  <testcase name="NorthAmericanIndustrialClassificationsEditTestScript1" time="66.722" classname="com.test.NorthAmericanIndustrialClassificationsEditTestScript"/>
</testsuite> <!-- com.test.NorthAmericanIndustrialClassificationsEditTestScript -->
