<?xml version="1.0" encoding="UTF-8"?>
<!-- Generated by org.testng.reporters.JUnitReportReporter -->
<testsuite skipped="0" hostname="MAC-DES-104" name="com.test.LegalRepresentativesCopyTestScript" tests="1" failures="0" timestamp="01 Dec 2018 14:51:51 GMT" time="69.414" errors="0">
  <testcase name="LegalRepresentativesCopyTestScript1" time="69.414" classname="com.test.LegalRepresentativesCopyTestScript"/>
</testsuite> <!-- com.test.LegalRepresentativesCopyTestScript -->
