<?xml version="1.0" encoding="UTF-8"?>
<!-- Generated by org.testng.reporters.JUnitReportReporter -->
<testsuite skipped="0" hostname="MAC-DES-104" name="com.test.CredentiallingStatusesEditTestScript" tests="1" failures="0" timestamp="01 Dec 2018 14:51:53 GMT" time="42.521" errors="0">
  <testcase name="CredentiallingStatusesEditTestScript1" time="42.521" classname="com.test.CredentiallingStatusesEditTestScript"/>
</testsuite> <!-- com.test.CredentiallingStatusesEditTestScript -->
