<?xml version="1.0" encoding="UTF-8"?>
<!-- Generated by org.testng.reporters.JUnitReportReporter -->
<testsuite skipped="0" hostname="OPTVDA0047" name="memberActivity.MemberAuthExit" tests="1" failures="0" timestamp="26 Apr 2018 15:04:26 GMT" time="58.299" errors="0">
  <testcase name="main" time="58.299" classname="memberActivity.MemberAuthExit"/>
</testsuite> <!-- memberActivity.MemberAuthExit -->
