<?xml version="1.0" encoding="UTF-8"?>
<!-- Generated by org.testng.reporters.JUnitReportReporter -->
<testsuite skipped="0" hostname="MAC-DES-104" name="com.test.PlaceofServiceTypesEditTestScript" tests="1" failures="0" timestamp="01 Dec 2018 14:51:51 GMT" time="33.811" errors="0">
  <testcase name="PlaceofServiceTypesEditTestScript1" time="33.811" classname="com.test.PlaceofServiceTypesEditTestScript"/>
</testsuite> <!-- com.test.PlaceofServiceTypesEditTestScript -->
