<?xml version="1.0" encoding="UTF-8"?>
<!-- Generated by org.testng.reporters.JUnitReportReporter -->
<testsuite skipped="0" hostname="MAC-DES-104" name="com.test.FCMCActionCodesEditTestScript" tests="1" failures="0" timestamp="01 Dec 2018 14:51:46 GMT" time="29.827" errors="0">
  <testcase name="FCMCActionCodesEditTestScript1" time="29.827" classname="com.test.FCMCActionCodesEditTestScript"/>
</testsuite> <!-- com.test.FCMCActionCodesEditTestScript -->
