<?xml version="1.0" encoding="UTF-8"?>
<!-- Generated by org.testng.reporters.JUnitReportReporter -->
<testsuite skipped="0" hostname="MAC-DES-104" name="com.test.AcademicDegreesAddTestScript" tests="1" failures="0" timestamp="03 Dec 2018 06:23:22 GMT" time="73.459" errors="0">
  <testcase name="AcademicDegreesAddTestScript1" time="73.459" classname="com.test.AcademicDegreesAddTestScript"/>
</testsuite> <!-- com.test.AcademicDegreesAddTestScript -->
