<?xml version="1.0" encoding="UTF-8"?>
<!-- Generated by org.testng.reporters.JUnitReportReporter -->
<testsuite skipped="0" hostname="MAC-DES-104" name="com.test.RVUGeographicMultipliersCopyTestScript" tests="1" failures="0" timestamp="01 Dec 2018 14:51:46 GMT" time="31.908" errors="0">
  <testcase name="JobStatusCategoriesCopyTestScript" time="31.908" classname="com.test.RVUGeographicMultipliersCopyTestScript"/>
</testsuite> <!-- com.test.RVUGeographicMultipliersCopyTestScript -->
