<?xml version="1.0" encoding="UTF-8"?>
<!-- Generated by org.testng.reporters.JUnitReportReporter -->
<testsuite skipped="0" hostname="OPTVDA0047" name="memberActivity.CEVAddClaim" tests="1" failures="0" timestamp="13 Apr 2018 15:17:40 GMT" time="250.503" errors="0">
  <testcase name="main" time="250.503" classname="memberActivity.CEVAddClaim"/>
</testsuite> <!-- memberActivity.CEVAddClaim -->
