<?xml version="1.0" encoding="UTF-8"?>
<!-- Generated by org.testng.reporters.JUnitReportReporter -->
<testsuite skipped="0" hostname="MAC-DES-104" name="com.test.ServiceCategoriesEditTestScript" tests="1" failures="0" timestamp="01 Dec 2018 14:51:53 GMT" time="32.725" errors="0">
  <testcase name="ServiceCategoriesEditTestScript1" time="32.725" classname="com.test.ServiceCategoriesEditTestScript"/>
</testsuite> <!-- com.test.ServiceCategoriesEditTestScript -->
