<?xml version="1.0" encoding="UTF-8"?>
<!-- Generated by org.testng.reporters.JUnitReportReporter -->
<testsuite skipped="0" hostname="OPTVDA0047" name="memberActivity.MoveClaimMC" tests="1" failures="0" timestamp="03 Apr 2018 17:53:47 GMT" time="77.555" errors="0">
  <testcase name="main" time="77.555" classname="memberActivity.MoveClaimMC"/>
</testsuite> <!-- memberActivity.MoveClaimMC -->
