<?xml version="1.0" encoding="UTF-8"?>
<!-- Generated by org.testng.reporters.JUnitReportReporter -->
<testsuite skipped="0" hostname="MAC-DES-104" name="com.test.UMProviderRolesExitTestScript" tests="1" failures="0" timestamp="01 Dec 2018 14:51:44 GMT" time="31.394" errors="0">
  <testcase name="UMProviderRolesExitTestScript1" time="31.394" classname="com.test.UMProviderRolesExitTestScript"/>
</testsuite> <!-- com.test.UMProviderRolesExitTestScript -->
