<?xml version="1.0" encoding="UTF-8"?>
<!-- Generated by org.testng.reporters.JUnitReportReporter -->
<testsuite skipped="0" hostname="MAC-DES-104" name="com.test.JobStatusCategoriesEditTestScript" tests="1" failures="0" timestamp="01 Dec 2018 14:51:53 GMT" time="34.339" errors="0">
  <testcase name="JobStatusCategoriesEditTestScript1" time="34.339" classname="com.test.JobStatusCategoriesEditTestScript"/>
</testsuite> <!-- com.test.JobStatusCategoriesEditTestScript -->
