<?xml version="1.0" encoding="UTF-8"?>
<!-- Generated by org.testng.reporters.JUnitReportReporter -->
<testsuite skipped="0" hostname="MAC-DES-104" name="com.test.BenefitPlanExit" tests="1" failures="0" timestamp="03 Dec 2018 06:27:00 GMT" time="40.834" errors="0">
  <testcase name="BenefitPlanExitTestScript" time="40.834" classname="com.test.BenefitPlanExit"/>
</testsuite> <!-- com.test.BenefitPlanExit -->
