<?xml version="1.0" encoding="UTF-8"?>
<!-- Generated by org.testng.reporters.JUnitReportReporter -->
<testsuite skipped="0" hostname="MAC-DES-104" name="com.test.MemberSubscriberRelationshipsAddCommTestScript" tests="1" failures="0" timestamp="01 Dec 2018 14:51:51 GMT" time="50.531" errors="0">
  <testcase name="MemberSubscriberRelationshipsAddCommTestScript1" time="50.531" classname="com.test.MemberSubscriberRelationshipsAddCommTestScript"/>
</testsuite> <!-- com.test.MemberSubscriberRelationshipsAddCommTestScript -->
