<?xml version="1.0" encoding="UTF-8"?>
<!-- Generated by org.testng.reporters.JUnitReportReporter -->
<testsuite skipped="0" hostname="OPTVDA0047" name="memberActivity.MCAddMultipleClaims" tests="1" failures="0" timestamp="11 Apr 2018 18:31:34 GMT" time="382.948" errors="0">
  <testcase name="main" time="382.948" classname="memberActivity.MCAddMultipleClaims"/>
</testsuite> <!-- memberActivity.MCAddMultipleClaims -->
