<?xml version="1.0" encoding="UTF-8"?>
<!-- Generated by org.testng.reporters.JUnitReportReporter -->
<testsuite skipped="0" hostname="MAC-DES-104" name="com.test.ProviderOrganizationAffiliationTypesAddCommTestScript" tests="1" failures="0" timestamp="01 Dec 2018 14:51:49 GMT" time="38.661" errors="0">
  <testcase name="ProviderOrganizationAffiliationTypesAddCommTestScript1" time="38.661" classname="com.test.ProviderOrganizationAffiliationTypesAddCommTestScript"/>
</testsuite> <!-- com.test.ProviderOrganizationAffiliationTypesAddCommTestScript -->
