<?xml version="1.0" encoding="UTF-8"?>
<!-- Generated by org.testng.reporters.JUnitReportReporter -->
<testsuite skipped="0" hostname="MAC-DES-104" name="com.test.UMReasonsforReferralAddCommTestScript" tests="1" failures="0" timestamp="01 Dec 2018 14:51:52 GMT" time="38.291" errors="0">
  <testcase name="UMReasonsforReferralAddCommTestScript1" time="38.291" classname="com.test.UMReasonsforReferralAddCommTestScript"/>
</testsuite> <!-- com.test.UMReasonsforReferralAddCommTestScript -->
