<?xml version="1.0" encoding="UTF-8"?>
<!-- Generated by org.testng.reporters.JUnitReportReporter -->
<testsuite skipped="0" hostname="MAC-DES-104" name="com.test.DiagnosticCategoriesDeleteTestScript" tests="1" failures="0" timestamp="01 Dec 2018 14:51:53 GMT" time="67.027" errors="0">
  <testcase name="DiagnosticCategoriesDeleteTestScript1" time="67.027" classname="com.test.DiagnosticCategoriesDeleteTestScript"/>
</testsuite> <!-- com.test.DiagnosticCategoriesDeleteTestScript -->
