<?xml version="1.0" encoding="UTF-8"?>
<!-- Generated by org.testng.reporters.JUnitReportReporter -->
<testsuite skipped="0" hostname="MAC-DES-104" name="com.test.HCFAServiceTypesAddTestScript" tests="1" failures="0" timestamp="01 Dec 2018 14:51:48 GMT" time="55.589" errors="0">
  <testcase name="HCFAServiceTypesAddTestScript1" time="55.589" classname="com.test.HCFAServiceTypesAddTestScript"/>
</testsuite> <!-- com.test.HCFAServiceTypesAddTestScript -->
