<?xml version="1.0" encoding="UTF-8"?>
<!-- Generated by org.testng.reporters.JUnitReportReporter -->
<testsuite skipped="0" hostname="MAC-DES-104" name="com.test.ServiceSetsAddTestScript" tests="1" failures="0" timestamp="01 Dec 2018 14:51:45 GMT" time="75.549" errors="0">
  <testcase name="ServiceSetsAddTestScript1" time="75.549" classname="com.test.ServiceSetsAddTestScript"/>
</testsuite> <!-- com.test.ServiceSetsAddTestScript -->
