<?xml version="1.0" encoding="UTF-8"?>
<!-- Generated by org.testng.reporters.JUnitReportReporter -->
<testsuite skipped="0" hostname="MAC-DES-104" name="com.test.NorthAmericanIndustrialClassificationsAddCommTestScript" tests="1" failures="0" timestamp="01 Dec 2018 14:51:53 GMT" time="79.552" errors="0">
  <testcase name="NorthAmericanIndustrialClassificationsAddCommTestScript1" time="79.552" classname="com.test.NorthAmericanIndustrialClassificationsAddCommTestScript"/>
</testsuite> <!-- com.test.NorthAmericanIndustrialClassificationsAddCommTestScript -->
