<?xml version="1.0" encoding="UTF-8"?>
<!-- Generated by org.testng.reporters.JUnitReportReporter -->
<testsuite skipped="0" hostname="MAC-DES-104" name="com.test.JournalNoteTypesDeleteTestScript" tests="1" failures="0" timestamp="01 Dec 2018 14:51:46 GMT" time="62.096" errors="0">
  <testcase name="JournalNoteTypesDeleteTestScript1" time="62.096" classname="com.test.JournalNoteTypesDeleteTestScript"/>
</testsuite> <!-- com.test.JournalNoteTypesDeleteTestScript -->
