<?xml version="1.0" encoding="UTF-8"?>
<!-- Generated by org.testng.reporters.JUnitReportReporter -->
<testsuite skipped="0" hostname="MAC-DES-104" name="com.test.UnlockClaims" tests="2" failures="0" timestamp="01 Dec 2018 14:51:51 GMT" time="123.838" errors="0">
  <testcase name="UnlockClaimsTestScript" time="62.449" classname="com.test.UnlockClaims"/>
  <testcase name="UnlockClaimsTestScript" time="61.389" classname="com.test.UnlockClaims"/>
</testsuite> <!-- com.test.UnlockClaims -->
