<?xml version="1.0" encoding="UTF-8"?>
<!-- Generated by org.testng.reporters.JUnitReportReporter -->
<testsuite skipped="0" hostname="MAC-DES-104" name="com.test.ProviderDelete" tests="1" failures="0" timestamp="01 Dec 2018 14:51:50 GMT" time="77.406" errors="0">
  <testcase name="providerDeleteTestScript" time="77.406" classname="com.test.ProviderDelete"/>
</testsuite> <!-- com.test.ProviderDelete -->
