<?xml version="1.0" encoding="UTF-8"?>
<!-- Generated by org.testng.reporters.JUnitReportReporter -->
<testsuite skipped="0" hostname="MAC-DES-104" name="com.test.UMCaseReferralSourcesExitTestScript" tests="1" failures="0" timestamp="01 Dec 2018 14:51:49 GMT" time="32.584" errors="0">
  <testcase name="UMCaseReferralSourcesExitTestScript1" time="32.584" classname="com.test.UMCaseReferralSourcesExitTestScript"/>
</testsuite> <!-- com.test.UMCaseReferralSourcesExitTestScript -->
