<?xml version="1.0" encoding="UTF-8"?>
<!-- Generated by org.testng.reporters.JUnitReportReporter -->
<testsuite skipped="0" hostname="MAC-DES-104" name="com.test.BenefitPremiumPaymentModesDeleteTestScript" tests="1" failures="0" timestamp="01 Dec 2018 14:51:47 GMT" time="65.593" errors="0">
  <testcase name="BenefitPremiumPaymentModesDeleteTestScript1" time="65.593" classname="com.test.BenefitPremiumPaymentModesDeleteTestScript"/>
</testsuite> <!-- com.test.BenefitPremiumPaymentModesDeleteTestScript -->
