<?xml version="1.0" encoding="UTF-8"?>
<!-- Generated by org.testng.reporters.JUnitReportReporter -->
<testsuite skipped="0" hostname="MAC-DES-104" name="com.test.CarrierRelationshipTypesExitTestScript" tests="1" failures="0" timestamp="01 Dec 2018 14:51:53 GMT" time="43.582" errors="0">
  <testcase name="CarrierRelationshipTypesExitTestScript1" time="43.582" classname="com.test.CarrierRelationshipTypesExitTestScript"/>
</testsuite> <!-- com.test.CarrierRelationshipTypesExitTestScript -->
