<?xml version="1.0" encoding="UTF-8"?>
<!-- Generated by org.testng.reporters.JUnitReportReporter -->
<testsuite skipped="0" hostname="MAC-DES-104" name="com.test.AcademicDegreesEditTestScript" tests="1" failures="0" timestamp="01 Dec 2018 14:51:48 GMT" time="35.674" errors="0">
  <testcase name="AcademicDegreesEditTestScript1" time="35.674" classname="com.test.AcademicDegreesEditTestScript"/>
</testsuite> <!-- com.test.AcademicDegreesEditTestScript -->
