<?xml version="1.0" encoding="UTF-8"?>
<!-- Generated by org.testng.reporters.JUnitReportReporter -->
<testsuite skipped="0" hostname="MAC-DES-104" name="com.test.ServiceCodesExitTestScript" tests="1" failures="0" timestamp="01 Dec 2018 14:51:50 GMT" time="32.111" errors="0">
  <testcase name="ServiceCodesExitTestScript1" time="32.111" classname="com.test.ServiceCodesExitTestScript"/>
</testsuite> <!-- com.test.ServiceCodesExitTestScript -->
