<?xml version="1.0" encoding="UTF-8"?>
<!-- Generated by org.testng.reporters.JUnitReportReporter -->
<testsuite skipped="0" hostname="OPTVDA0047" name="com.test.LegalRepresentivesDeleteTestScript" tests="1" failures="0" timestamp="05 Nov 2018 12:36:32 GMT" time="99.894" errors="0">
  <testcase name="LegalRepresentivesDeleteTestScript1" time="99.894" classname="com.test.LegalRepresentivesDeleteTestScript"/>
</testsuite> <!-- com.test.LegalRepresentivesDeleteTestScript -->
